2018-03-20 15:40:13.552 [ main ] - [ INFO  ] [gencode : 38 ] - acct_info====user
2018-03-20 15:40:14.020 [ main ] - [ INFO  ] [gencode : 94 ] - java.util.ArrayList@361b9546[size=15]
2018-03-20 15:40:14.020 [ main ] - [ INFO  ] [gencode : 70 ] - mkdir - d:/test/admin/cn/enn/ygego/sunny/user/model
2018-03-20 15:40:14.036 [ main ] - [ INFO  ] [gencode : 59 ] - outPutPath - d:/test/admin/cn/enn/ygego/sunny/user/model/AcctInfo.java
2018-03-20 15:40:14.192 [ main ] - [ INFO  ] [gencode : 70 ] - mkdir - d:/test/admin/cn/enn/ygego/sunny/user/dao
2018-03-20 15:40:14.192 [ main ] - [ INFO  ] [gencode : 59 ] - outPutPath - d:/test/admin/cn/enn/ygego/sunny/user/dao/AcctInfoDao.java
2018-03-20 15:40:14.208 [ main ] - [ INFO  ] [gencode : 70 ] - mkdir - d:/test/admin/cn/enn/ygego/sunny/user/mappings
2018-03-20 15:40:14.208 [ main ] - [ INFO  ] [gencode : 59 ] - outPutPath - d:/test/admin/cn/enn/ygego/sunny/user/mappings/AcctInfoDao.xml
2018-03-20 15:40:14.223 [ main ] - [ INFO  ] [gencode : 70 ] - mkdir - d:/test/admin/cn/enn/ygego/sunny/user/dto
2018-03-20 15:40:14.223 [ main ] - [ INFO  ] [gencode : 59 ] - outPutPath - d:/test/admin/cn/enn/ygego/sunny/user/dto/AcctInfoDTO.java
2018-03-20 15:40:14.223 [ main ] - [ INFO  ] [gencode : 38 ] - acct_oper_priv_rela====user
2018-03-20 15:40:14.660 [ main ] - [ INFO  ] [gencode : 94 ] - java.util.ArrayList@13ecdec0[size=9]
2018-03-20 15:40:14.660 [ main ] - [ INFO  ] [gencode : 59 ] - outPutPath - d:/test/admin/cn/enn/ygego/sunny/user/model/AcctOperPrivRela.java
2018-03-20 15:40:14.676 [ main ] - [ INFO  ] [gencode : 59 ] - outPutPath - d:/test/admin/cn/enn/ygego/sunny/user/dao/AcctOperPrivRelaDao.java
2018-03-20 15:40:14.691 [ main ] - [ INFO  ] [gencode : 59 ] - outPutPath - d:/test/admin/cn/enn/ygego/sunny/user/mappings/AcctOperPrivRelaDao.xml
2018-03-20 15:40:14.691 [ main ] - [ INFO  ] [gencode : 59 ] - outPutPath - d:/test/admin/cn/enn/ygego/sunny/user/dto/AcctOperPrivRelaDTO.java
2018-03-20 15:40:14.691 [ main ] - [ INFO  ] [gencode : 38 ] - acct_role_rela====user
2018-03-20 15:40:15.131 [ main ] - [ INFO  ] [gencode : 94 ] - java.util.ArrayList@3c70cf37[size=6]
2018-03-20 15:40:15.131 [ main ] - [ INFO  ] [gencode : 59 ] - outPutPath - d:/test/admin/cn/enn/ygego/sunny/user/model/AcctRoleRela.java
2018-03-20 15:40:15.147 [ main ] - [ INFO  ] [gencode : 59 ] - outPutPath - d:/test/admin/cn/enn/ygego/sunny/user/dao/AcctRoleRelaDao.java
2018-03-20 15:40:15.162 [ main ] - [ INFO  ] [gencode : 59 ] - outPutPath - d:/test/admin/cn/enn/ygego/sunny/user/mappings/AcctRoleRelaDao.xml
2018-03-20 15:40:15.162 [ main ] - [ INFO  ] [gencode : 59 ] - outPutPath - d:/test/admin/cn/enn/ygego/sunny/user/dto/AcctRoleRelaDTO.java
2018-03-20 15:40:15.162 [ main ] - [ INFO  ] [gencode : 38 ] - apps====user
2018-03-20 15:40:15.615 [ main ] - [ INFO  ] [gencode : 94 ] - java.util.ArrayList@251b6084[size=11]
2018-03-20 15:40:15.615 [ main ] - [ INFO  ] [gencode : 59 ] - outPutPath - d:/test/admin/cn/enn/ygego/sunny/user/model/Apps.java
2018-03-20 15:40:15.630 [ main ] - [ INFO  ] [gencode : 59 ] - outPutPath - d:/test/admin/cn/enn/ygego/sunny/user/dao/AppsDao.java
2018-03-20 15:40:15.646 [ main ] - [ INFO  ] [gencode : 59 ] - outPutPath - d:/test/admin/cn/enn/ygego/sunny/user/mappings/AppsDao.xml
2018-03-20 15:40:15.646 [ main ] - [ INFO  ] [gencode : 59 ] - outPutPath - d:/test/admin/cn/enn/ygego/sunny/user/dto/AppsDTO.java
2018-03-20 15:40:15.646 [ main ] - [ INFO  ] [gencode : 38 ] - auth_log====user
2018-03-20 15:40:16.098 [ main ] - [ INFO  ] [gencode : 94 ] - java.util.ArrayList@737e435a[size=18]
2018-03-20 15:40:16.098 [ main ] - [ INFO  ] [gencode : 59 ] - outPutPath - d:/test/admin/cn/enn/ygego/sunny/user/model/AuthLog.java
2018-03-20 15:40:16.098 [ main ] - [ INFO  ] [gencode : 59 ] - outPutPath - d:/test/admin/cn/enn/ygego/sunny/user/dao/AuthLogDao.java
2018-03-20 15:40:16.114 [ main ] - [ INFO  ] [gencode : 59 ] - outPutPath - d:/test/admin/cn/enn/ygego/sunny/user/mappings/AuthLogDao.xml
2018-03-20 15:40:16.129 [ main ] - [ INFO  ] [gencode : 59 ] - outPutPath - d:/test/admin/cn/enn/ygego/sunny/user/dto/AuthLogDTO.java
2018-03-20 15:40:16.129 [ main ] - [ INFO  ] [gencode : 38 ] - busi_acct_info====user
2018-03-20 15:40:16.566 [ main ] - [ INFO  ] [gencode : 94 ] - java.util.ArrayList@4bcd6890[size=24]
2018-03-20 15:40:16.582 [ main ] - [ INFO  ] [gencode : 59 ] - outPutPath - d:/test/admin/cn/enn/ygego/sunny/user/model/BusiAcctInfo.java
2018-03-20 15:40:16.597 [ main ] - [ INFO  ] [gencode : 59 ] - outPutPath - d:/test/admin/cn/enn/ygego/sunny/user/dao/BusiAcctInfoDao.java
2018-03-20 15:40:16.597 [ main ] - [ INFO  ] [gencode : 59 ] - outPutPath - d:/test/admin/cn/enn/ygego/sunny/user/mappings/BusiAcctInfoDao.xml
2018-03-20 15:40:16.613 [ main ] - [ INFO  ] [gencode : 59 ] - outPutPath - d:/test/admin/cn/enn/ygego/sunny/user/dto/BusiAcctInfoDTO.java
2018-03-20 15:40:16.613 [ main ] - [ INFO  ] [gencode : 38 ] - busi_user_info====user
2018-03-20 15:40:17.036 [ main ] - [ INFO  ] [gencode : 94 ] - java.util.ArrayList@6fc33c70[size=8]
2018-03-20 15:40:17.036 [ main ] - [ INFO  ] [gencode : 59 ] - outPutPath - d:/test/admin/cn/enn/ygego/sunny/user/model/BusiUserInfo.java
2018-03-20 15:40:17.067 [ main ] - [ INFO  ] [gencode : 59 ] - outPutPath - d:/test/admin/cn/enn/ygego/sunny/user/dao/BusiUserInfoDao.java
2018-03-20 15:40:17.067 [ main ] - [ INFO  ] [gencode : 59 ] - outPutPath - d:/test/admin/cn/enn/ygego/sunny/user/mappings/BusiUserInfoDao.xml
2018-03-20 15:40:17.067 [ main ] - [ INFO  ] [gencode : 59 ] - outPutPath - d:/test/admin/cn/enn/ygego/sunny/user/dto/BusiUserInfoDTO.java
2018-03-20 15:40:17.067 [ main ] - [ INFO  ] [gencode : 38 ] - data_priv====user
2018-03-20 15:40:17.504 [ main ] - [ INFO  ] [gencode : 94 ] - java.util.ArrayList@1b384669[size=17]
2018-03-20 15:40:17.504 [ main ] - [ INFO  ] [gencode : 59 ] - outPutPath - d:/test/admin/cn/enn/ygego/sunny/user/model/DataPriv.java
2018-03-20 15:40:17.504 [ main ] - [ INFO  ] [gencode : 59 ] - outPutPath - d:/test/admin/cn/enn/ygego/sunny/user/dao/DataPrivDao.java
2018-03-20 15:40:17.520 [ main ] - [ INFO  ] [gencode : 59 ] - outPutPath - d:/test/admin/cn/enn/ygego/sunny/user/mappings/DataPrivDao.xml
2018-03-20 15:40:17.520 [ main ] - [ INFO  ] [gencode : 59 ] - outPutPath - d:/test/admin/cn/enn/ygego/sunny/user/dto/DataPrivDTO.java
2018-03-20 15:40:17.520 [ main ] - [ INFO  ] [gencode : 38 ] - deliver_address====user
2018-03-20 15:40:17.957 [ main ] - [ INFO  ] [gencode : 94 ] - java.util.ArrayList@704e2d11[size=13]
2018-03-20 15:40:17.957 [ main ] - [ INFO  ] [gencode : 59 ] - outPutPath - d:/test/admin/cn/enn/ygego/sunny/user/model/DeliverAddress.java
2018-03-20 15:40:17.972 [ main ] - [ INFO  ] [gencode : 59 ] - outPutPath - d:/test/admin/cn/enn/ygego/sunny/user/dao/DeliverAddressDao.java
2018-03-20 15:40:17.972 [ main ] - [ INFO  ] [gencode : 59 ] - outPutPath - d:/test/admin/cn/enn/ygego/sunny/user/mappings/DeliverAddressDao.xml
2018-03-20 15:40:17.972 [ main ] - [ INFO  ] [gencode : 59 ] - outPutPath - d:/test/admin/cn/enn/ygego/sunny/user/dto/DeliverAddressDTO.java
2018-03-20 15:40:17.972 [ main ] - [ INFO  ] [gencode : 38 ] - ent_brand_apply_cert_file====user
2018-03-20 15:40:18.425 [ main ] - [ INFO  ] [gencode : 94 ] - java.util.ArrayList@2c3ba220[size=6]
2018-03-20 15:40:18.425 [ main ] - [ INFO  ] [gencode : 59 ] - outPutPath - d:/test/admin/cn/enn/ygego/sunny/user/model/EntBrandApplyCertFile.java
2018-03-20 15:40:18.425 [ main ] - [ INFO  ] [gencode : 59 ] - outPutPath - d:/test/admin/cn/enn/ygego/sunny/user/dao/EntBrandApplyCertFileDao.java
2018-03-20 15:40:18.487 [ main ] - [ INFO  ] [gencode : 59 ] - outPutPath - d:/test/admin/cn/enn/ygego/sunny/user/mappings/EntBrandApplyCertFileDao.xml
2018-03-20 15:40:18.519 [ main ] - [ INFO  ] [gencode : 59 ] - outPutPath - d:/test/admin/cn/enn/ygego/sunny/user/dto/EntBrandApplyCertFileDTO.java
2018-03-20 15:40:18.535 [ main ] - [ INFO  ] [gencode : 38 ] - ent_brand_auth_apply====user
2018-03-20 15:40:18.956 [ main ] - [ INFO  ] [gencode : 94 ] - java.util.ArrayList@1f131551[size=17]
2018-03-20 15:40:18.956 [ main ] - [ INFO  ] [gencode : 59 ] - outPutPath - d:/test/admin/cn/enn/ygego/sunny/user/model/EntBrandAuthApply.java
2018-03-20 15:40:18.972 [ main ] - [ INFO  ] [gencode : 59 ] - outPutPath - d:/test/admin/cn/enn/ygego/sunny/user/dao/EntBrandAuthApplyDao.java
2018-03-20 15:40:18.972 [ main ] - [ INFO  ] [gencode : 59 ] - outPutPath - d:/test/admin/cn/enn/ygego/sunny/user/mappings/EntBrandAuthApplyDao.xml
2018-03-20 15:40:18.972 [ main ] - [ INFO  ] [gencode : 59 ] - outPutPath - d:/test/admin/cn/enn/ygego/sunny/user/dto/EntBrandAuthApplyDTO.java
2018-03-20 15:40:18.972 [ main ] - [ INFO  ] [gencode : 38 ] - ent_brand_auth_apply_cert====user
2018-03-20 15:40:19.408 [ main ] - [ INFO  ] [gencode : 94 ] - java.util.ArrayList@307890f2[size=9]
2018-03-20 15:40:19.408 [ main ] - [ INFO  ] [gencode : 59 ] - outPutPath - d:/test/admin/cn/enn/ygego/sunny/user/model/EntBrandAuthApplyCert.java
2018-03-20 15:40:19.408 [ main ] - [ INFO  ] [gencode : 59 ] - outPutPath - d:/test/admin/cn/enn/ygego/sunny/user/dao/EntBrandAuthApplyCertDao.java
2018-03-20 15:40:19.424 [ main ] - [ INFO  ] [gencode : 59 ] - outPutPath - d:/test/admin/cn/enn/ygego/sunny/user/mappings/EntBrandAuthApplyCertDao.xml
2018-03-20 15:40:19.424 [ main ] - [ INFO  ] [gencode : 59 ] - outPutPath - d:/test/admin/cn/enn/ygego/sunny/user/dto/EntBrandAuthApplyCertDTO.java
2018-03-20 15:40:19.424 [ main ] - [ INFO  ] [gencode : 38 ] - ent_brand_cert====user
2018-03-20 15:40:19.876 [ main ] - [ INFO  ] [gencode : 94 ] - java.util.ArrayList@425dfbfc[size=7]
2018-03-20 15:40:19.876 [ main ] - [ INFO  ] [gencode : 59 ] - outPutPath - d:/test/admin/cn/enn/ygego/sunny/user/model/EntBrandCert.java
2018-03-20 15:40:19.876 [ main ] - [ INFO  ] [gencode : 59 ] - outPutPath - d:/test/admin/cn/enn/ygego/sunny/user/dao/EntBrandCertDao.java
2018-03-20 15:40:19.892 [ main ] - [ INFO  ] [gencode : 59 ] - outPutPath - d:/test/admin/cn/enn/ygego/sunny/user/mappings/EntBrandCertDao.xml
2018-03-20 15:40:19.892 [ main ] - [ INFO  ] [gencode : 59 ] - outPutPath - d:/test/admin/cn/enn/ygego/sunny/user/dto/EntBrandCertDTO.java
2018-03-20 15:40:19.892 [ main ] - [ INFO  ] [gencode : 38 ] - ent_brand_cert_file====user
2018-03-20 15:40:20.313 [ main ] - [ INFO  ] [gencode : 94 ] - java.util.ArrayList@187790ec[size=5]
2018-03-20 15:40:20.313 [ main ] - [ INFO  ] [gencode : 59 ] - outPutPath - d:/test/admin/cn/enn/ygego/sunny/user/model/EntBrandCertFile.java
2018-03-20 15:40:20.329 [ main ] - [ INFO  ] [gencode : 59 ] - outPutPath - d:/test/admin/cn/enn/ygego/sunny/user/dao/EntBrandCertFileDao.java
2018-03-20 15:40:20.344 [ main ] - [ INFO  ] [gencode : 59 ] - outPutPath - d:/test/admin/cn/enn/ygego/sunny/user/mappings/EntBrandCertFileDao.xml
2018-03-20 15:40:20.344 [ main ] - [ INFO  ] [gencode : 59 ] - outPutPath - d:/test/admin/cn/enn/ygego/sunny/user/dto/EntBrandCertFileDTO.java
2018-03-20 15:40:20.344 [ main ] - [ INFO  ] [gencode : 38 ] - ent_brand_info====user
2018-03-20 15:40:20.766 [ main ] - [ INFO  ] [gencode : 94 ] - java.util.ArrayList@7890aa82[size=11]
2018-03-20 15:40:20.766 [ main ] - [ INFO  ] [gencode : 59 ] - outPutPath - d:/test/admin/cn/enn/ygego/sunny/user/model/EntBrandInfo.java
2018-03-20 15:40:20.781 [ main ] - [ INFO  ] [gencode : 59 ] - outPutPath - d:/test/admin/cn/enn/ygego/sunny/user/dao/EntBrandInfoDao.java
2018-03-20 15:40:20.797 [ main ] - [ INFO  ] [gencode : 59 ] - outPutPath - d:/test/admin/cn/enn/ygego/sunny/user/mappings/EntBrandInfoDao.xml
2018-03-20 15:40:20.812 [ main ] - [ INFO  ] [gencode : 59 ] - outPutPath - d:/test/admin/cn/enn/ygego/sunny/user/dto/EntBrandInfoDTO.java
2018-03-20 15:40:20.812 [ main ] - [ INFO  ] [gencode : 38 ] - ent_cert_apply====user
2018-03-20 15:40:21.249 [ main ] - [ INFO  ] [gencode : 94 ] - java.util.ArrayList@690c3515[size=31]
2018-03-20 15:40:21.249 [ main ] - [ INFO  ] [gencode : 59 ] - outPutPath - d:/test/admin/cn/enn/ygego/sunny/user/model/EntCertApply.java
2018-03-20 15:40:21.249 [ main ] - [ INFO  ] [gencode : 59 ] - outPutPath - d:/test/admin/cn/enn/ygego/sunny/user/dao/EntCertApplyDao.java
2018-03-20 15:40:21.265 [ main ] - [ INFO  ] [gencode : 59 ] - outPutPath - d:/test/admin/cn/enn/ygego/sunny/user/mappings/EntCertApplyDao.xml
2018-03-20 15:40:21.280 [ main ] - [ INFO  ] [gencode : 59 ] - outPutPath - d:/test/admin/cn/enn/ygego/sunny/user/dto/EntCertApplyDTO.java
2018-03-20 15:40:21.280 [ main ] - [ INFO  ] [gencode : 38 ] - ent_cert_apply_detail====user
2018-03-20 15:40:21.733 [ main ] - [ INFO  ] [gencode : 94 ] - java.util.ArrayList@38d2a36b[size=9]
2018-03-20 15:40:21.733 [ main ] - [ INFO  ] [gencode : 59 ] - outPutPath - d:/test/admin/cn/enn/ygego/sunny/user/model/EntCertApplyDetail.java
2018-03-20 15:40:21.733 [ main ] - [ INFO  ] [gencode : 59 ] - outPutPath - d:/test/admin/cn/enn/ygego/sunny/user/dao/EntCertApplyDetailDao.java
2018-03-20 15:40:21.748 [ main ] - [ INFO  ] [gencode : 59 ] - outPutPath - d:/test/admin/cn/enn/ygego/sunny/user/mappings/EntCertApplyDetailDao.xml
2018-03-20 15:40:21.764 [ main ] - [ INFO  ] [gencode : 59 ] - outPutPath - d:/test/admin/cn/enn/ygego/sunny/user/dto/EntCertApplyDetailDTO.java
2018-03-20 15:40:21.764 [ main ] - [ INFO  ] [gencode : 38 ] - ent_cert_apply_file====user
2018-03-20 15:40:22.198 [ main ] - [ INFO  ] [gencode : 94 ] - java.util.ArrayList@1f3f00af[size=6]
2018-03-20 15:40:22.198 [ main ] - [ INFO  ] [gencode : 59 ] - outPutPath - d:/test/admin/cn/enn/ygego/sunny/user/model/EntCertApplyFile.java
2018-03-20 15:40:22.198 [ main ] - [ INFO  ] [gencode : 59 ] - outPutPath - d:/test/admin/cn/enn/ygego/sunny/user/dao/EntCertApplyFileDao.java
2018-03-20 15:40:22.198 [ main ] - [ INFO  ] [gencode : 59 ] - outPutPath - d:/test/admin/cn/enn/ygego/sunny/user/mappings/EntCertApplyFileDao.xml
2018-03-20 15:40:22.198 [ main ] - [ INFO  ] [gencode : 59 ] - outPutPath - d:/test/admin/cn/enn/ygego/sunny/user/dto/EntCertApplyFileDTO.java
2018-03-20 15:40:22.214 [ main ] - [ INFO  ] [gencode : 38 ] - ent_cert_file====user
2018-03-20 15:40:22.635 [ main ] - [ INFO  ] [gencode : 94 ] - java.util.ArrayList@22e5a644[size=6]
2018-03-20 15:40:22.635 [ main ] - [ INFO  ] [gencode : 59 ] - outPutPath - d:/test/admin/cn/enn/ygego/sunny/user/model/EntCertFile.java
2018-03-20 15:40:22.651 [ main ] - [ INFO  ] [gencode : 59 ] - outPutPath - d:/test/admin/cn/enn/ygego/sunny/user/dao/EntCertFileDao.java
2018-03-20 15:40:22.651 [ main ] - [ INFO  ] [gencode : 59 ] - outPutPath - d:/test/admin/cn/enn/ygego/sunny/user/mappings/EntCertFileDao.xml
2018-03-20 15:40:22.666 [ main ] - [ INFO  ] [gencode : 59 ] - outPutPath - d:/test/admin/cn/enn/ygego/sunny/user/dto/EntCertFileDTO.java
2018-03-20 15:40:22.666 [ main ] - [ INFO  ] [gencode : 38 ] - ent_cert_info====user
2018-03-20 15:40:23.088 [ main ] - [ INFO  ] [gencode : 94 ] - java.util.ArrayList@45c4d981[size=10]
2018-03-20 15:40:23.088 [ main ] - [ INFO  ] [gencode : 59 ] - outPutPath - d:/test/admin/cn/enn/ygego/sunny/user/model/EntCertInfo.java
2018-03-20 15:40:23.103 [ main ] - [ INFO  ] [gencode : 59 ] - outPutPath - d:/test/admin/cn/enn/ygego/sunny/user/dao/EntCertInfoDao.java
2018-03-20 15:40:23.103 [ main ] - [ INFO  ] [gencode : 59 ] - outPutPath - d:/test/admin/cn/enn/ygego/sunny/user/mappings/EntCertInfoDao.xml
2018-03-20 15:40:23.119 [ main ] - [ INFO  ] [gencode : 59 ] - outPutPath - d:/test/admin/cn/enn/ygego/sunny/user/dto/EntCertInfoDTO.java
2018-03-20 15:40:23.119 [ main ] - [ INFO  ] [gencode : 38 ] - ent_channel_permit====user
2018-03-20 15:40:23.540 [ main ] - [ INFO  ] [gencode : 94 ] - java.util.ArrayList@2c06713a[size=10]
2018-03-20 15:40:23.540 [ main ] - [ INFO  ] [gencode : 59 ] - outPutPath - d:/test/admin/cn/enn/ygego/sunny/user/model/EntChannelPermit.java
2018-03-20 15:40:23.571 [ main ] - [ INFO  ] [gencode : 59 ] - outPutPath - d:/test/admin/cn/enn/ygego/sunny/user/dao/EntChannelPermitDao.java
2018-03-20 15:40:23.571 [ main ] - [ INFO  ] [gencode : 59 ] - outPutPath - d:/test/admin/cn/enn/ygego/sunny/user/mappings/EntChannelPermitDao.xml
2018-03-20 15:40:23.571 [ main ] - [ INFO  ] [gencode : 59 ] - outPutPath - d:/test/admin/cn/enn/ygego/sunny/user/dto/EntChannelPermitDTO.java
2018-03-20 15:40:23.571 [ main ] - [ INFO  ] [gencode : 38 ] - ent_channel_permit_apply====user
2018-03-20 15:40:23.992 [ main ] - [ INFO  ] [gencode : 94 ] - java.util.ArrayList@69840879[size=8]
2018-03-20 15:40:24.008 [ main ] - [ INFO  ] [gencode : 59 ] - outPutPath - d:/test/admin/cn/enn/ygego/sunny/user/model/EntChannelPermitApply.java
2018-03-20 15:40:24.008 [ main ] - [ INFO  ] [gencode : 59 ] - outPutPath - d:/test/admin/cn/enn/ygego/sunny/user/dao/EntChannelPermitApplyDao.java
2018-03-20 15:40:24.024 [ main ] - [ INFO  ] [gencode : 59 ] - outPutPath - d:/test/admin/cn/enn/ygego/sunny/user/mappings/EntChannelPermitApplyDao.xml
2018-03-20 15:40:24.024 [ main ] - [ INFO  ] [gencode : 59 ] - outPutPath - d:/test/admin/cn/enn/ygego/sunny/user/dto/EntChannelPermitApplyDTO.java
2018-03-20 15:40:24.024 [ main ] - [ INFO  ] [gencode : 38 ] - ent_cust_info====user
2018-03-20 15:40:24.460 [ main ] - [ INFO  ] [gencode : 94 ] - java.util.ArrayList@30228830[size=32]
2018-03-20 15:40:24.460 [ main ] - [ INFO  ] [gencode : 59 ] - outPutPath - d:/test/admin/cn/enn/ygego/sunny/user/model/EntCustInfo.java
2018-03-20 15:40:24.679 [ main ] - [ INFO  ] [gencode : 59 ] - outPutPath - d:/test/admin/cn/enn/ygego/sunny/user/dao/EntCustInfoDao.java
2018-03-20 15:40:24.679 [ main ] - [ INFO  ] [gencode : 59 ] - outPutPath - d:/test/admin/cn/enn/ygego/sunny/user/mappings/EntCustInfoDao.xml
2018-03-20 15:40:24.694 [ main ] - [ INFO  ] [gencode : 59 ] - outPutPath - d:/test/admin/cn/enn/ygego/sunny/user/dto/EntCustInfoDTO.java
2018-03-20 15:40:24.694 [ main ] - [ INFO  ] [gencode : 38 ] - ent_dept====user
2018-03-20 15:40:25.116 [ main ] - [ INFO  ] [gencode : 94 ] - java.util.ArrayList@22f3a110[size=9]
2018-03-20 15:40:25.116 [ main ] - [ INFO  ] [gencode : 59 ] - outPutPath - d:/test/admin/cn/enn/ygego/sunny/user/model/EntDept.java
2018-03-20 15:40:25.147 [ main ] - [ INFO  ] [gencode : 59 ] - outPutPath - d:/test/admin/cn/enn/ygego/sunny/user/dao/EntDeptDao.java
2018-03-20 15:40:25.147 [ main ] - [ INFO  ] [gencode : 59 ] - outPutPath - d:/test/admin/cn/enn/ygego/sunny/user/mappings/EntDeptDao.xml
2018-03-20 15:40:25.147 [ main ] - [ INFO  ] [gencode : 59 ] - outPutPath - d:/test/admin/cn/enn/ygego/sunny/user/dto/EntDeptDTO.java
2018-03-20 15:40:25.147 [ main ] - [ INFO  ] [gencode : 38 ] - ent_domain_permit====user
2018-03-20 15:40:25.599 [ main ] - [ INFO  ] [gencode : 94 ] - java.util.ArrayList@4a147d9d[size=8]
2018-03-20 15:40:25.599 [ main ] - [ INFO  ] [gencode : 59 ] - outPutPath - d:/test/admin/cn/enn/ygego/sunny/user/model/EntDomainPermit.java
2018-03-20 15:40:25.599 [ main ] - [ INFO  ] [gencode : 59 ] - outPutPath - d:/test/admin/cn/enn/ygego/sunny/user/dao/EntDomainPermitDao.java
2018-03-20 15:40:25.615 [ main ] - [ INFO  ] [gencode : 59 ] - outPutPath - d:/test/admin/cn/enn/ygego/sunny/user/mappings/EntDomainPermitDao.xml
2018-03-20 15:40:25.615 [ main ] - [ INFO  ] [gencode : 59 ] - outPutPath - d:/test/admin/cn/enn/ygego/sunny/user/dto/EntDomainPermitDTO.java
2018-03-20 15:40:25.615 [ main ] - [ INFO  ] [gencode : 38 ] - ent_domain_permit_apply====user
2018-03-20 15:40:26.052 [ main ] - [ INFO  ] [gencode : 94 ] - java.util.ArrayList@40949d89[size=7]
2018-03-20 15:40:26.052 [ main ] - [ INFO  ] [gencode : 59 ] - outPutPath - d:/test/admin/cn/enn/ygego/sunny/user/model/EntDomainPermitApply.java
2018-03-20 15:40:26.067 [ main ] - [ INFO  ] [gencode : 59 ] - outPutPath - d:/test/admin/cn/enn/ygego/sunny/user/dao/EntDomainPermitApplyDao.java
2018-03-20 15:40:26.067 [ main ] - [ INFO  ] [gencode : 59 ] - outPutPath - d:/test/admin/cn/enn/ygego/sunny/user/mappings/EntDomainPermitApplyDao.xml
2018-03-20 15:40:26.067 [ main ] - [ INFO  ] [gencode : 59 ] - outPutPath - d:/test/admin/cn/enn/ygego/sunny/user/dto/EntDomainPermitApplyDTO.java
2018-03-20 15:40:26.067 [ main ] - [ INFO  ] [gencode : 38 ] - ent_pay_set====user
2018-03-20 15:40:26.504 [ main ] - [ INFO  ] [gencode : 94 ] - java.util.ArrayList@737dacb8[size=9]
2018-03-20 15:40:26.504 [ main ] - [ INFO  ] [gencode : 59 ] - outPutPath - d:/test/admin/cn/enn/ygego/sunny/user/model/EntPaySet.java
2018-03-20 15:40:26.520 [ main ] - [ INFO  ] [gencode : 59 ] - outPutPath - d:/test/admin/cn/enn/ygego/sunny/user/dao/EntPaySetDao.java
2018-03-20 15:40:26.520 [ main ] - [ INFO  ] [gencode : 59 ] - outPutPath - d:/test/admin/cn/enn/ygego/sunny/user/mappings/EntPaySetDao.xml
2018-03-20 15:40:26.520 [ main ] - [ INFO  ] [gencode : 59 ] - outPutPath - d:/test/admin/cn/enn/ygego/sunny/user/dto/EntPaySetDTO.java
2018-03-20 15:40:26.520 [ main ] - [ INFO  ] [gencode : 38 ] - ent_store====user
2018-03-20 15:40:26.941 [ main ] - [ INFO  ] [gencode : 94 ] - java.util.ArrayList@3c7b6097[size=3]
2018-03-20 15:40:26.941 [ main ] - [ INFO  ] [gencode : 59 ] - outPutPath - d:/test/admin/cn/enn/ygego/sunny/user/model/EntStore.java
2018-03-20 15:40:26.972 [ main ] - [ INFO  ] [gencode : 59 ] - outPutPath - d:/test/admin/cn/enn/ygego/sunny/user/dao/EntStoreDao.java
2018-03-20 15:40:26.972 [ main ] - [ INFO  ] [gencode : 59 ] - outPutPath - d:/test/admin/cn/enn/ygego/sunny/user/mappings/EntStoreDao.xml
2018-03-20 15:40:26.972 [ main ] - [ INFO  ] [gencode : 59 ] - outPutPath - d:/test/admin/cn/enn/ygego/sunny/user/dto/EntStoreDTO.java
2018-03-20 15:40:26.972 [ main ] - [ INFO  ] [gencode : 38 ] - ent_tax_rate====user
2018-03-20 15:40:27.393 [ main ] - [ INFO  ] [gencode : 94 ] - java.util.ArrayList@40cc56a6[size=9]
2018-03-20 15:40:27.393 [ main ] - [ INFO  ] [gencode : 59 ] - outPutPath - d:/test/admin/cn/enn/ygego/sunny/user/model/EntTaxRate.java
2018-03-20 15:40:27.409 [ main ] - [ INFO  ] [gencode : 59 ] - outPutPath - d:/test/admin/cn/enn/ygego/sunny/user/dao/EntTaxRateDao.java
2018-03-20 15:40:27.424 [ main ] - [ INFO  ] [gencode : 59 ] - outPutPath - d:/test/admin/cn/enn/ygego/sunny/user/mappings/EntTaxRateDao.xml
2018-03-20 15:40:27.424 [ main ] - [ INFO  ] [gencode : 59 ] - outPutPath - d:/test/admin/cn/enn/ygego/sunny/user/dto/EntTaxRateDTO.java
2018-03-20 15:40:27.424 [ main ] - [ INFO  ] [gencode : 38 ] - function_manage====user
2018-03-20 15:40:27.861 [ main ] - [ INFO  ] [gencode : 94 ] - java.util.ArrayList@1825f055[size=14]
2018-03-20 15:40:27.861 [ main ] - [ INFO  ] [gencode : 59 ] - outPutPath - d:/test/admin/cn/enn/ygego/sunny/user/model/FunctionManage.java
2018-03-20 15:40:27.877 [ main ] - [ INFO  ] [gencode : 59 ] - outPutPath - d:/test/admin/cn/enn/ygego/sunny/user/dao/FunctionManageDao.java
2018-03-20 15:40:27.892 [ main ] - [ INFO  ] [gencode : 59 ] - outPutPath - d:/test/admin/cn/enn/ygego/sunny/user/mappings/FunctionManageDao.xml
2018-03-20 15:40:27.892 [ main ] - [ INFO  ] [gencode : 59 ] - outPutPath - d:/test/admin/cn/enn/ygego/sunny/user/dto/FunctionManageDTO.java
2018-03-20 15:40:27.892 [ main ] - [ INFO  ] [gencode : 38 ] - individual_brand_apply====user
2018-03-20 15:40:28.314 [ main ] - [ INFO  ] [gencode : 94 ] - java.util.ArrayList@3ed5dee4[size=17]
2018-03-20 15:40:28.314 [ main ] - [ INFO  ] [gencode : 59 ] - outPutPath - d:/test/admin/cn/enn/ygego/sunny/user/model/IndividualBrandApply.java
2018-03-20 15:40:28.329 [ main ] - [ INFO  ] [gencode : 59 ] - outPutPath - d:/test/admin/cn/enn/ygego/sunny/user/dao/IndividualBrandApplyDao.java
2018-03-20 15:40:28.329 [ main ] - [ INFO  ] [gencode : 59 ] - outPutPath - d:/test/admin/cn/enn/ygego/sunny/user/mappings/IndividualBrandApplyDao.xml
2018-03-20 15:40:28.345 [ main ] - [ INFO  ] [gencode : 59 ] - outPutPath - d:/test/admin/cn/enn/ygego/sunny/user/dto/IndividualBrandApplyDTO.java
2018-03-20 15:40:28.345 [ main ] - [ INFO  ] [gencode : 38 ] - individual_brand_apply_cert====user
2018-03-20 15:40:28.766 [ main ] - [ INFO  ] [gencode : 94 ] - java.util.ArrayList@3e6b6f6b[size=9]
2018-03-20 15:40:28.766 [ main ] - [ INFO  ] [gencode : 59 ] - outPutPath - d:/test/admin/cn/enn/ygego/sunny/user/model/IndividualBrandApplyCert.java
2018-03-20 15:40:28.797 [ main ] - [ INFO  ] [gencode : 59 ] - outPutPath - d:/test/admin/cn/enn/ygego/sunny/user/dao/IndividualBrandApplyCertDao.java
2018-03-20 15:40:28.797 [ main ] - [ INFO  ] [gencode : 59 ] - outPutPath - d:/test/admin/cn/enn/ygego/sunny/user/mappings/IndividualBrandApplyCertDao.xml
2018-03-20 15:40:28.797 [ main ] - [ INFO  ] [gencode : 59 ] - outPutPath - d:/test/admin/cn/enn/ygego/sunny/user/dto/IndividualBrandApplyCertDTO.java
2018-03-20 15:40:28.813 [ main ] - [ INFO  ] [gencode : 38 ] - individual_brand_cert_apply_file====user
2018-03-20 15:40:29.234 [ main ] - [ INFO  ] [gencode : 94 ] - java.util.ArrayList@1a3b9459[size=6]
2018-03-20 15:40:29.234 [ main ] - [ INFO  ] [gencode : 59 ] - outPutPath - d:/test/admin/cn/enn/ygego/sunny/user/model/IndividualBrandCertApplyFile.java
2018-03-20 15:40:29.265 [ main ] - [ INFO  ] [gencode : 59 ] - outPutPath - d:/test/admin/cn/enn/ygego/sunny/user/dao/IndividualBrandCertApplyFileDao.java
2018-03-20 15:40:29.265 [ main ] - [ INFO  ] [gencode : 59 ] - outPutPath - d:/test/admin/cn/enn/ygego/sunny/user/mappings/IndividualBrandCertApplyFileDao.xml
2018-03-20 15:40:29.265 [ main ] - [ INFO  ] [gencode : 59 ] - outPutPath - d:/test/admin/cn/enn/ygego/sunny/user/dto/IndividualBrandCertApplyFileDTO.java
2018-03-20 15:40:29.281 [ main ] - [ INFO  ] [gencode : 38 ] - individual_brand_cert_file====user
2018-03-20 15:40:29.702 [ main ] - [ INFO  ] [gencode : 94 ] - java.util.ArrayList@2ea54d32[size=5]
2018-03-20 15:40:29.702 [ main ] - [ INFO  ] [gencode : 59 ] - outPutPath - d:/test/admin/cn/enn/ygego/sunny/user/model/IndividualBrandCertFile.java
2018-03-20 15:40:29.733 [ main ] - [ INFO  ] [gencode : 59 ] - outPutPath - d:/test/admin/cn/enn/ygego/sunny/user/dao/IndividualBrandCertFileDao.java
2018-03-20 15:40:29.733 [ main ] - [ INFO  ] [gencode : 59 ] - outPutPath - d:/test/admin/cn/enn/ygego/sunny/user/mappings/IndividualBrandCertFileDao.xml
2018-03-20 15:40:29.733 [ main ] - [ INFO  ] [gencode : 59 ] - outPutPath - d:/test/admin/cn/enn/ygego/sunny/user/dto/IndividualBrandCertFileDTO.java
2018-03-20 15:40:29.749 [ main ] - [ INFO  ] [gencode : 38 ] - individual_brand_cert_info====user
2018-03-20 15:40:30.232 [ main ] - [ INFO  ] [gencode : 94 ] - java.util.ArrayList@7a8b670d[size=7]
2018-03-20 15:40:30.232 [ main ] - [ INFO  ] [gencode : 59 ] - outPutPath - d:/test/admin/cn/enn/ygego/sunny/user/model/IndividualBrandCertInfo.java
2018-03-20 15:40:30.248 [ main ] - [ INFO  ] [gencode : 59 ] - outPutPath - d:/test/admin/cn/enn/ygego/sunny/user/dao/IndividualBrandCertInfoDao.java
2018-03-20 15:40:30.248 [ main ] - [ INFO  ] [gencode : 59 ] - outPutPath - d:/test/admin/cn/enn/ygego/sunny/user/mappings/IndividualBrandCertInfoDao.xml
2018-03-20 15:40:30.248 [ main ] - [ INFO  ] [gencode : 59 ] - outPutPath - d:/test/admin/cn/enn/ygego/sunny/user/dto/IndividualBrandCertInfoDTO.java
2018-03-20 15:40:30.264 [ main ] - [ INFO  ] [gencode : 38 ] - individual_brand_info====user
2018-03-20 15:40:30.763 [ main ] - [ INFO  ] [gencode : 94 ] - java.util.ArrayList@3bea2b4b[size=12]
2018-03-20 15:40:30.763 [ main ] - [ INFO  ] [gencode : 59 ] - outPutPath - d:/test/admin/cn/enn/ygego/sunny/user/model/IndividualBrandInfo.java
2018-03-20 15:40:30.778 [ main ] - [ INFO  ] [gencode : 59 ] - outPutPath - d:/test/admin/cn/enn/ygego/sunny/user/dao/IndividualBrandInfoDao.java
2018-03-20 15:40:30.778 [ main ] - [ INFO  ] [gencode : 59 ] - outPutPath - d:/test/admin/cn/enn/ygego/sunny/user/mappings/IndividualBrandInfoDao.xml
2018-03-20 15:40:30.778 [ main ] - [ INFO  ] [gencode : 59 ] - outPutPath - d:/test/admin/cn/enn/ygego/sunny/user/dto/IndividualBrandInfoDTO.java
2018-03-20 15:40:30.778 [ main ] - [ INFO  ] [gencode : 38 ] - individual_cert_apply====user
2018-03-20 15:40:31.215 [ main ] - [ INFO  ] [gencode : 94 ] - java.util.ArrayList@2c25fbd[size=22]
2018-03-20 15:40:31.215 [ main ] - [ INFO  ] [gencode : 59 ] - outPutPath - d:/test/admin/cn/enn/ygego/sunny/user/model/IndividualCertApply.java
2018-03-20 15:40:31.231 [ main ] - [ INFO  ] [gencode : 59 ] - outPutPath - d:/test/admin/cn/enn/ygego/sunny/user/dao/IndividualCertApplyDao.java
2018-03-20 15:40:31.231 [ main ] - [ INFO  ] [gencode : 59 ] - outPutPath - d:/test/admin/cn/enn/ygego/sunny/user/mappings/IndividualCertApplyDao.xml
2018-03-20 15:40:31.231 [ main ] - [ INFO  ] [gencode : 59 ] - outPutPath - d:/test/admin/cn/enn/ygego/sunny/user/dto/IndividualCertApplyDTO.java
2018-03-20 15:40:31.231 [ main ] - [ INFO  ] [gencode : 38 ] - individual_cert_apply_detail====user
2018-03-20 15:40:31.683 [ main ] - [ INFO  ] [gencode : 94 ] - java.util.ArrayList@73ba7069[size=9]
2018-03-20 15:40:31.683 [ main ] - [ INFO  ] [gencode : 59 ] - outPutPath - d:/test/admin/cn/enn/ygego/sunny/user/model/IndividualCertApplyDetail.java
2018-03-20 15:40:31.714 [ main ] - [ INFO  ] [gencode : 59 ] - outPutPath - d:/test/admin/cn/enn/ygego/sunny/user/dao/IndividualCertApplyDetailDao.java
2018-03-20 15:40:31.714 [ main ] - [ INFO  ] [gencode : 59 ] - outPutPath - d:/test/admin/cn/enn/ygego/sunny/user/mappings/IndividualCertApplyDetailDao.xml
2018-03-20 15:40:31.714 [ main ] - [ INFO  ] [gencode : 59 ] - outPutPath - d:/test/admin/cn/enn/ygego/sunny/user/dto/IndividualCertApplyDetailDTO.java
2018-03-20 15:40:31.714 [ main ] - [ INFO  ] [gencode : 38 ] - individual_cert_apply_file====user
2018-03-20 15:40:32.151 [ main ] - [ INFO  ] [gencode : 94 ] - java.util.ArrayList@2e2c31da[size=6]
2018-03-20 15:40:32.151 [ main ] - [ INFO  ] [gencode : 59 ] - outPutPath - d:/test/admin/cn/enn/ygego/sunny/user/model/IndividualCertApplyFile.java
2018-03-20 15:40:32.167 [ main ] - [ INFO  ] [gencode : 59 ] - outPutPath - d:/test/admin/cn/enn/ygego/sunny/user/dao/IndividualCertApplyFileDao.java
2018-03-20 15:40:32.167 [ main ] - [ INFO  ] [gencode : 59 ] - outPutPath - d:/test/admin/cn/enn/ygego/sunny/user/mappings/IndividualCertApplyFileDao.xml
2018-03-20 15:40:32.167 [ main ] - [ INFO  ] [gencode : 59 ] - outPutPath - d:/test/admin/cn/enn/ygego/sunny/user/dto/IndividualCertApplyFileDTO.java
2018-03-20 15:40:32.167 [ main ] - [ INFO  ] [gencode : 38 ] - individual_cert_file====user
2018-03-20 15:40:32.666 [ main ] - [ INFO  ] [gencode : 94 ] - java.util.ArrayList@5c8aa7f4[size=6]
2018-03-20 15:40:32.666 [ main ] - [ INFO  ] [gencode : 59 ] - outPutPath - d:/test/admin/cn/enn/ygego/sunny/user/model/IndividualCertFile.java
2018-03-20 15:40:32.682 [ main ] - [ INFO  ] [gencode : 59 ] - outPutPath - d:/test/admin/cn/enn/ygego/sunny/user/dao/IndividualCertFileDao.java
2018-03-20 15:40:32.682 [ main ] - [ INFO  ] [gencode : 59 ] - outPutPath - d:/test/admin/cn/enn/ygego/sunny/user/mappings/IndividualCertFileDao.xml
2018-03-20 15:40:32.682 [ main ] - [ INFO  ] [gencode : 59 ] - outPutPath - d:/test/admin/cn/enn/ygego/sunny/user/dto/IndividualCertFileDTO.java
2018-03-20 15:40:32.697 [ main ] - [ INFO  ] [gencode : 38 ] - individual_cert_info====user
2018-03-20 15:40:33.196 [ main ] - [ INFO  ] [gencode : 94 ] - java.util.ArrayList@50193bcf[size=10]
2018-03-20 15:40:33.196 [ main ] - [ INFO  ] [gencode : 59 ] - outPutPath - d:/test/admin/cn/enn/ygego/sunny/user/model/IndividualCertInfo.java
2018-03-20 15:40:33.212 [ main ] - [ INFO  ] [gencode : 59 ] - outPutPath - d:/test/admin/cn/enn/ygego/sunny/user/dao/IndividualCertInfoDao.java
2018-03-20 15:40:33.228 [ main ] - [ INFO  ] [gencode : 59 ] - outPutPath - d:/test/admin/cn/enn/ygego/sunny/user/mappings/IndividualCertInfoDao.xml
2018-03-20 15:40:33.228 [ main ] - [ INFO  ] [gencode : 59 ] - outPutPath - d:/test/admin/cn/enn/ygego/sunny/user/dto/IndividualCertInfoDTO.java
2018-03-20 15:40:33.228 [ main ] - [ INFO  ] [gencode : 38 ] - individual_channel_permit====user
2018-03-20 15:40:33.664 [ main ] - [ INFO  ] [gencode : 94 ] - java.util.ArrayList@759d36f1[size=7]
2018-03-20 15:40:33.664 [ main ] - [ INFO  ] [gencode : 59 ] - outPutPath - d:/test/admin/cn/enn/ygego/sunny/user/model/IndividualChannelPermit.java
2018-03-20 15:40:33.680 [ main ] - [ INFO  ] [gencode : 59 ] - outPutPath - d:/test/admin/cn/enn/ygego/sunny/user/dao/IndividualChannelPermitDao.java
2018-03-20 15:40:33.680 [ main ] - [ INFO  ] [gencode : 59 ] - outPutPath - d:/test/admin/cn/enn/ygego/sunny/user/mappings/IndividualChannelPermitDao.xml
2018-03-20 15:40:33.680 [ main ] - [ INFO  ] [gencode : 59 ] - outPutPath - d:/test/admin/cn/enn/ygego/sunny/user/dto/IndividualChannelPermitDTO.java
2018-03-20 15:40:33.680 [ main ] - [ INFO  ] [gencode : 38 ] - individual_channel_permit_apply====user
2018-03-20 15:40:34.117 [ main ] - [ INFO  ] [gencode : 94 ] - java.util.ArrayList@75cb514c[size=8]
2018-03-20 15:40:34.117 [ main ] - [ INFO  ] [gencode : 59 ] - outPutPath - d:/test/admin/cn/enn/ygego/sunny/user/model/IndividualChannelPermitApply.java
2018-03-20 15:40:34.132 [ main ] - [ INFO  ] [gencode : 59 ] - outPutPath - d:/test/admin/cn/enn/ygego/sunny/user/dao/IndividualChannelPermitApplyDao.java
2018-03-20 15:40:34.132 [ main ] - [ INFO  ] [gencode : 59 ] - outPutPath - d:/test/admin/cn/enn/ygego/sunny/user/mappings/IndividualChannelPermitApplyDao.xml
2018-03-20 15:40:34.148 [ main ] - [ INFO  ] [gencode : 59 ] - outPutPath - d:/test/admin/cn/enn/ygego/sunny/user/dto/IndividualChannelPermitApplyDTO.java
2018-03-20 15:40:34.148 [ main ] - [ INFO  ] [gencode : 38 ] - individual_cust====user
2018-03-20 15:40:34.632 [ main ] - [ INFO  ] [gencode : 94 ] - java.util.ArrayList@50249973[size=11]
2018-03-20 15:40:34.632 [ main ] - [ INFO  ] [gencode : 59 ] - outPutPath - d:/test/admin/cn/enn/ygego/sunny/user/model/IndividualCust.java
2018-03-20 15:40:34.647 [ main ] - [ INFO  ] [gencode : 59 ] - outPutPath - d:/test/admin/cn/enn/ygego/sunny/user/dao/IndividualCustDao.java
2018-03-20 15:40:34.647 [ main ] - [ INFO  ] [gencode : 59 ] - outPutPath - d:/test/admin/cn/enn/ygego/sunny/user/mappings/IndividualCustDao.xml
2018-03-20 15:40:34.647 [ main ] - [ INFO  ] [gencode : 59 ] - outPutPath - d:/test/admin/cn/enn/ygego/sunny/user/dto/IndividualCustDTO.java
2018-03-20 15:40:34.647 [ main ] - [ INFO  ] [gencode : 38 ] - individual_domain_permit====user
2018-03-20 15:40:35.088 [ main ] - [ INFO  ] [gencode : 94 ] - java.util.ArrayList@76e984d6[size=8]
2018-03-20 15:40:35.088 [ main ] - [ INFO  ] [gencode : 59 ] - outPutPath - d:/test/admin/cn/enn/ygego/sunny/user/model/IndividualDomainPermit.java
2018-03-20 15:40:35.103 [ main ] - [ INFO  ] [gencode : 59 ] - outPutPath - d:/test/admin/cn/enn/ygego/sunny/user/dao/IndividualDomainPermitDao.java
2018-03-20 15:40:35.103 [ main ] - [ INFO  ] [gencode : 59 ] - outPutPath - d:/test/admin/cn/enn/ygego/sunny/user/mappings/IndividualDomainPermitDao.xml
2018-03-20 15:40:35.103 [ main ] - [ INFO  ] [gencode : 59 ] - outPutPath - d:/test/admin/cn/enn/ygego/sunny/user/dto/IndividualDomainPermitDTO.java
2018-03-20 15:40:35.103 [ main ] - [ INFO  ] [gencode : 38 ] - individual_domain_permit_apply====user
2018-03-20 15:40:35.556 [ main ] - [ INFO  ] [gencode : 94 ] - java.util.ArrayList@7a4fa248[size=7]
2018-03-20 15:40:35.556 [ main ] - [ INFO  ] [gencode : 59 ] - outPutPath - d:/test/admin/cn/enn/ygego/sunny/user/model/IndividualDomainPermitApply.java
2018-03-20 15:40:35.571 [ main ] - [ INFO  ] [gencode : 59 ] - outPutPath - d:/test/admin/cn/enn/ygego/sunny/user/dao/IndividualDomainPermitApplyDao.java
2018-03-20 15:40:35.587 [ main ] - [ INFO  ] [gencode : 59 ] - outPutPath - d:/test/admin/cn/enn/ygego/sunny/user/mappings/IndividualDomainPermitApplyDao.xml
2018-03-20 15:40:35.587 [ main ] - [ INFO  ] [gencode : 59 ] - outPutPath - d:/test/admin/cn/enn/ygego/sunny/user/dto/IndividualDomainPermitApplyDTO.java
2018-03-20 15:40:35.587 [ main ] - [ INFO  ] [gencode : 38 ] - individual_service====user
2018-03-20 15:40:36.039 [ main ] - [ INFO  ] [gencode : 94 ] - java.util.ArrayList@4138c00d[size=12]
2018-03-20 15:40:36.039 [ main ] - [ INFO  ] [gencode : 59 ] - outPutPath - d:/test/admin/cn/enn/ygego/sunny/user/model/IndividualService.java
2018-03-20 15:40:36.039 [ main ] - [ INFO  ] [gencode : 59 ] - outPutPath - d:/test/admin/cn/enn/ygego/sunny/user/dao/IndividualServiceDao.java
2018-03-20 15:40:36.055 [ main ] - [ INFO  ] [gencode : 59 ] - outPutPath - d:/test/admin/cn/enn/ygego/sunny/user/mappings/IndividualServiceDao.xml
2018-03-20 15:40:36.055 [ main ] - [ INFO  ] [gencode : 59 ] - outPutPath - d:/test/admin/cn/enn/ygego/sunny/user/dto/IndividualServiceDTO.java
2018-03-20 15:40:36.055 [ main ] - [ INFO  ] [gencode : 38 ] - individual_service_apply====user
2018-03-20 15:40:36.492 [ main ] - [ INFO  ] [gencode : 94 ] - java.util.ArrayList@7837cb30[size=13]
2018-03-20 15:40:36.492 [ main ] - [ INFO  ] [gencode : 59 ] - outPutPath - d:/test/admin/cn/enn/ygego/sunny/user/model/IndividualServiceApply.java
2018-03-20 15:40:36.507 [ main ] - [ INFO  ] [gencode : 59 ] - outPutPath - d:/test/admin/cn/enn/ygego/sunny/user/dao/IndividualServiceApplyDao.java
2018-03-20 15:40:36.507 [ main ] - [ INFO  ] [gencode : 59 ] - outPutPath - d:/test/admin/cn/enn/ygego/sunny/user/mappings/IndividualServiceApplyDao.xml
2018-03-20 15:40:36.523 [ main ] - [ INFO  ] [gencode : 59 ] - outPutPath - d:/test/admin/cn/enn/ygego/sunny/user/dto/IndividualServiceApplyDTO.java
2018-03-20 15:40:36.523 [ main ] - [ INFO  ] [gencode : 38 ] - individual_service_apply_cert====user
2018-03-20 15:40:37.007 [ main ] - [ INFO  ] [gencode : 94 ] - java.util.ArrayList@46b07179[size=9]
2018-03-20 15:40:37.007 [ main ] - [ INFO  ] [gencode : 59 ] - outPutPath - d:/test/admin/cn/enn/ygego/sunny/user/model/IndividualServiceApplyCert.java
2018-03-20 15:40:37.022 [ main ] - [ INFO  ] [gencode : 59 ] - outPutPath - d:/test/admin/cn/enn/ygego/sunny/user/dao/IndividualServiceApplyCertDao.java
2018-03-20 15:40:37.038 [ main ] - [ INFO  ] [gencode : 59 ] - outPutPath - d:/test/admin/cn/enn/ygego/sunny/user/mappings/IndividualServiceApplyCertDao.xml
2018-03-20 15:40:37.038 [ main ] - [ INFO  ] [gencode : 59 ] - outPutPath - d:/test/admin/cn/enn/ygego/sunny/user/dto/IndividualServiceApplyCertDTO.java
2018-03-20 15:40:37.038 [ main ] - [ INFO  ] [gencode : 38 ] - individual_service_apply_cert_file====user
2018-03-20 15:40:37.475 [ main ] - [ INFO  ] [gencode : 94 ] - java.util.ArrayList@322e9157[size=6]
2018-03-20 15:40:37.475 [ main ] - [ INFO  ] [gencode : 59 ] - outPutPath - d:/test/admin/cn/enn/ygego/sunny/user/model/IndividualServiceApplyCertFile.java
2018-03-20 15:40:37.490 [ main ] - [ INFO  ] [gencode : 59 ] - outPutPath - d:/test/admin/cn/enn/ygego/sunny/user/dao/IndividualServiceApplyCertFileDao.java
2018-03-20 15:40:37.490 [ main ] - [ INFO  ] [gencode : 59 ] - outPutPath - d:/test/admin/cn/enn/ygego/sunny/user/mappings/IndividualServiceApplyCertFileDao.xml
2018-03-20 15:40:37.490 [ main ] - [ INFO  ] [gencode : 59 ] - outPutPath - d:/test/admin/cn/enn/ygego/sunny/user/dto/IndividualServiceApplyCertFileDTO.java
2018-03-20 15:40:37.490 [ main ] - [ INFO  ] [gencode : 38 ] - individual_service_cert====user
2018-03-20 15:40:37.927 [ main ] - [ INFO  ] [gencode : 94 ] - java.util.ArrayList@480e23e3[size=7]
2018-03-20 15:40:37.927 [ main ] - [ INFO  ] [gencode : 59 ] - outPutPath - d:/test/admin/cn/enn/ygego/sunny/user/model/IndividualServiceCert.java
2018-03-20 15:40:37.943 [ main ] - [ INFO  ] [gencode : 59 ] - outPutPath - d:/test/admin/cn/enn/ygego/sunny/user/dao/IndividualServiceCertDao.java
2018-03-20 15:40:37.943 [ main ] - [ INFO  ] [gencode : 59 ] - outPutPath - d:/test/admin/cn/enn/ygego/sunny/user/mappings/IndividualServiceCertDao.xml
2018-03-20 15:40:37.943 [ main ] - [ INFO  ] [gencode : 59 ] - outPutPath - d:/test/admin/cn/enn/ygego/sunny/user/dto/IndividualServiceCertDTO.java
2018-03-20 15:40:37.943 [ main ] - [ INFO  ] [gencode : 38 ] - individual_service_cert_file====user
2018-03-20 15:40:38.379 [ main ] - [ INFO  ] [gencode : 94 ] - java.util.ArrayList@340f058a[size=5]
2018-03-20 15:40:38.379 [ main ] - [ INFO  ] [gencode : 59 ] - outPutPath - d:/test/admin/cn/enn/ygego/sunny/user/model/IndividualServiceCertFile.java
2018-03-20 15:40:38.411 [ main ] - [ INFO  ] [gencode : 59 ] - outPutPath - d:/test/admin/cn/enn/ygego/sunny/user/dao/IndividualServiceCertFileDao.java
2018-03-20 15:40:38.411 [ main ] - [ INFO  ] [gencode : 59 ] - outPutPath - d:/test/admin/cn/enn/ygego/sunny/user/mappings/IndividualServiceCertFileDao.xml
2018-03-20 15:40:38.411 [ main ] - [ INFO  ] [gencode : 59 ] - outPutPath - d:/test/admin/cn/enn/ygego/sunny/user/dto/IndividualServiceCertFileDTO.java
2018-03-20 15:40:38.411 [ main ] - [ INFO  ] [gencode : 38 ] - inspect_audit_log====user
2018-03-20 15:40:38.832 [ main ] - [ INFO  ] [gencode : 94 ] - java.util.ArrayList@7f95a585[size=5]
2018-03-20 15:40:38.832 [ main ] - [ INFO  ] [gencode : 59 ] - outPutPath - d:/test/admin/cn/enn/ygego/sunny/user/model/InspectAuditLog.java
2018-03-20 15:40:38.847 [ main ] - [ INFO  ] [gencode : 59 ] - outPutPath - d:/test/admin/cn/enn/ygego/sunny/user/dao/InspectAuditLogDao.java
2018-03-20 15:40:38.847 [ main ] - [ INFO  ] [gencode : 59 ] - outPutPath - d:/test/admin/cn/enn/ygego/sunny/user/mappings/InspectAuditLogDao.xml
2018-03-20 15:40:38.847 [ main ] - [ INFO  ] [gencode : 59 ] - outPutPath - d:/test/admin/cn/enn/ygego/sunny/user/dto/InspectAuditLogDTO.java
2018-03-20 15:40:38.847 [ main ] - [ INFO  ] [gencode : 38 ] - inspect_factory_apply_attach====user
2018-03-20 15:40:39.269 [ main ] - [ INFO  ] [gencode : 94 ] - java.util.ArrayList@27265c4b[size=4]
2018-03-20 15:40:39.269 [ main ] - [ INFO  ] [gencode : 59 ] - outPutPath - d:/test/admin/cn/enn/ygego/sunny/user/model/InspectFactoryApplyAttach.java
2018-03-20 15:40:39.284 [ main ] - [ INFO  ] [gencode : 59 ] - outPutPath - d:/test/admin/cn/enn/ygego/sunny/user/dao/InspectFactoryApplyAttachDao.java
2018-03-20 15:40:39.284 [ main ] - [ INFO  ] [gencode : 59 ] - outPutPath - d:/test/admin/cn/enn/ygego/sunny/user/mappings/InspectFactoryApplyAttachDao.xml
2018-03-20 15:40:39.300 [ main ] - [ INFO  ] [gencode : 59 ] - outPutPath - d:/test/admin/cn/enn/ygego/sunny/user/dto/InspectFactoryApplyAttachDTO.java
2018-03-20 15:40:39.300 [ main ] - [ INFO  ] [gencode : 38 ] - inspect_factory_apply_info====user
2018-03-20 15:40:39.737 [ main ] - [ INFO  ] [gencode : 94 ] - java.util.ArrayList@74950517[size=19]
2018-03-20 15:40:39.737 [ main ] - [ INFO  ] [gencode : 59 ] - outPutPath - d:/test/admin/cn/enn/ygego/sunny/user/model/InspectFactoryApplyInfo.java
2018-03-20 15:40:39.752 [ main ] - [ INFO  ] [gencode : 59 ] - outPutPath - d:/test/admin/cn/enn/ygego/sunny/user/dao/InspectFactoryApplyInfoDao.java
2018-03-20 15:40:39.752 [ main ] - [ INFO  ] [gencode : 59 ] - outPutPath - d:/test/admin/cn/enn/ygego/sunny/user/mappings/InspectFactoryApplyInfoDao.xml
2018-03-20 15:40:39.752 [ main ] - [ INFO  ] [gencode : 59 ] - outPutPath - d:/test/admin/cn/enn/ygego/sunny/user/dto/InspectFactoryApplyInfoDTO.java
2018-03-20 15:40:39.752 [ main ] - [ INFO  ] [gencode : 38 ] - inspect_factory_apply_item====user
2018-03-20 15:40:40.173 [ main ] - [ INFO  ] [gencode : 94 ] - java.util.ArrayList@51e622f8[size=7]
2018-03-20 15:40:40.173 [ main ] - [ INFO  ] [gencode : 59 ] - outPutPath - d:/test/admin/cn/enn/ygego/sunny/user/model/InspectFactoryApplyItem.java
2018-03-20 15:40:40.189 [ main ] - [ INFO  ] [gencode : 59 ] - outPutPath - d:/test/admin/cn/enn/ygego/sunny/user/dao/InspectFactoryApplyItemDao.java
2018-03-20 15:40:40.205 [ main ] - [ INFO  ] [gencode : 59 ] - outPutPath - d:/test/admin/cn/enn/ygego/sunny/user/mappings/InspectFactoryApplyItemDao.xml
2018-03-20 15:40:40.205 [ main ] - [ INFO  ] [gencode : 59 ] - outPutPath - d:/test/admin/cn/enn/ygego/sunny/user/dto/InspectFactoryApplyItemDTO.java
2018-03-20 15:40:40.205 [ main ] - [ INFO  ] [gencode : 38 ] - inspect_factory_goods_class_file====user
2018-03-20 15:40:40.626 [ main ] - [ INFO  ] [gencode : 94 ] - java.util.ArrayList@592dc527[size=5]
2018-03-20 15:40:40.626 [ main ] - [ INFO  ] [gencode : 59 ] - outPutPath - d:/test/admin/cn/enn/ygego/sunny/user/model/InspectFactoryGoodsClassFile.java
2018-03-20 15:40:40.657 [ main ] - [ INFO  ] [gencode : 59 ] - outPutPath - d:/test/admin/cn/enn/ygego/sunny/user/dao/InspectFactoryGoodsClassFileDao.java
2018-03-20 15:40:40.657 [ main ] - [ INFO  ] [gencode : 59 ] - outPutPath - d:/test/admin/cn/enn/ygego/sunny/user/mappings/InspectFactoryGoodsClassFileDao.xml
2018-03-20 15:40:40.657 [ main ] - [ INFO  ] [gencode : 59 ] - outPutPath - d:/test/admin/cn/enn/ygego/sunny/user/dto/InspectFactoryGoodsClassFileDTO.java
2018-03-20 15:40:40.657 [ main ] - [ INFO  ] [gencode : 38 ] - inspect_factory_item====user
2018-03-20 15:40:41.078 [ main ] - [ INFO  ] [gencode : 94 ] - java.util.ArrayList@42b097da[size=14]
2018-03-20 15:40:41.078 [ main ] - [ INFO  ] [gencode : 59 ] - outPutPath - d:/test/admin/cn/enn/ygego/sunny/user/model/InspectFactoryItem.java
2018-03-20 15:40:41.265 [ main ] - [ INFO  ] [gencode : 59 ] - outPutPath - d:/test/admin/cn/enn/ygego/sunny/user/dao/InspectFactoryItemDao.java
2018-03-20 15:40:41.281 [ main ] - [ INFO  ] [gencode : 59 ] - outPutPath - d:/test/admin/cn/enn/ygego/sunny/user/mappings/InspectFactoryItemDao.xml
2018-03-20 15:40:41.281 [ main ] - [ INFO  ] [gencode : 59 ] - outPutPath - d:/test/admin/cn/enn/ygego/sunny/user/dto/InspectFactoryItemDTO.java
2018-03-20 15:40:41.281 [ main ] - [ INFO  ] [gencode : 38 ] - inspect_factory_type====user
2018-03-20 15:40:41.718 [ main ] - [ INFO  ] [gencode : 94 ] - java.util.ArrayList@4ca02922[size=8]
2018-03-20 15:40:41.718 [ main ] - [ INFO  ] [gencode : 59 ] - outPutPath - d:/test/admin/cn/enn/ygego/sunny/user/model/InspectFactoryType.java
2018-03-20 15:40:41.733 [ main ] - [ INFO  ] [gencode : 59 ] - outPutPath - d:/test/admin/cn/enn/ygego/sunny/user/dao/InspectFactoryTypeDao.java
2018-03-20 15:40:41.733 [ main ] - [ INFO  ] [gencode : 59 ] - outPutPath - d:/test/admin/cn/enn/ygego/sunny/user/mappings/InspectFactoryTypeDao.xml
2018-03-20 15:40:41.749 [ main ] - [ INFO  ] [gencode : 59 ] - outPutPath - d:/test/admin/cn/enn/ygego/sunny/user/dto/InspectFactoryTypeDTO.java
2018-03-20 15:40:41.749 [ main ] - [ INFO  ] [gencode : 38 ] - material_black_list====user
2018-03-20 15:40:42.173 [ main ] - [ INFO  ] [gencode : 94 ] - java.util.ArrayList@5fe152b7[size=15]
2018-03-20 15:40:42.173 [ main ] - [ INFO  ] [gencode : 59 ] - outPutPath - d:/test/admin/cn/enn/ygego/sunny/user/model/MaterialBlackList.java
2018-03-20 15:40:42.189 [ main ] - [ INFO  ] [gencode : 59 ] - outPutPath - d:/test/admin/cn/enn/ygego/sunny/user/dao/MaterialBlackListDao.java
2018-03-20 15:40:42.189 [ main ] - [ INFO  ] [gencode : 59 ] - outPutPath - d:/test/admin/cn/enn/ygego/sunny/user/mappings/MaterialBlackListDao.xml
2018-03-20 15:40:42.189 [ main ] - [ INFO  ] [gencode : 59 ] - outPutPath - d:/test/admin/cn/enn/ygego/sunny/user/dto/MaterialBlackListDTO.java
2018-03-20 15:40:42.189 [ main ] - [ INFO  ] [gencode : 38 ] - material_white_list====user
2018-03-20 15:40:42.626 [ main ] - [ INFO  ] [gencode : 94 ] - java.util.ArrayList@2a801853[size=15]
2018-03-20 15:40:42.626 [ main ] - [ INFO  ] [gencode : 59 ] - outPutPath - d:/test/admin/cn/enn/ygego/sunny/user/model/MaterialWhiteList.java
2018-03-20 15:40:42.641 [ main ] - [ INFO  ] [gencode : 59 ] - outPutPath - d:/test/admin/cn/enn/ygego/sunny/user/dao/MaterialWhiteListDao.java
2018-03-20 15:40:42.657 [ main ] - [ INFO  ] [gencode : 59 ] - outPutPath - d:/test/admin/cn/enn/ygego/sunny/user/mappings/MaterialWhiteListDao.xml
2018-03-20 15:40:42.657 [ main ] - [ INFO  ] [gencode : 59 ] - outPutPath - d:/test/admin/cn/enn/ygego/sunny/user/dto/MaterialWhiteListDTO.java
2018-03-20 15:40:42.657 [ main ] - [ INFO  ] [gencode : 38 ] - member_info====user
2018-03-20 15:40:43.078 [ main ] - [ INFO  ] [gencode : 94 ] - java.util.ArrayList@2db068f5[size=3]
2018-03-20 15:40:43.078 [ main ] - [ INFO  ] [gencode : 59 ] - outPutPath - d:/test/admin/cn/enn/ygego/sunny/user/model/MemberInfo.java
2018-03-20 15:40:43.094 [ main ] - [ INFO  ] [gencode : 59 ] - outPutPath - d:/test/admin/cn/enn/ygego/sunny/user/dao/MemberInfoDao.java
2018-03-20 15:40:43.094 [ main ] - [ INFO  ] [gencode : 59 ] - outPutPath - d:/test/admin/cn/enn/ygego/sunny/user/mappings/MemberInfoDao.xml
2018-03-20 15:40:43.109 [ main ] - [ INFO  ] [gencode : 59 ] - outPutPath - d:/test/admin/cn/enn/ygego/sunny/user/dto/MemberInfoDTO.java
2018-03-20 15:40:43.109 [ main ] - [ INFO  ] [gencode : 38 ] - oper_auth_login_log====user
2018-03-20 15:40:43.546 [ main ] - [ INFO  ] [gencode : 94 ] - java.util.ArrayList@77d33d46[size=14]
2018-03-20 15:40:43.546 [ main ] - [ INFO  ] [gencode : 59 ] - outPutPath - d:/test/admin/cn/enn/ygego/sunny/user/model/OperAuthLoginLog.java
2018-03-20 15:40:43.562 [ main ] - [ INFO  ] [gencode : 59 ] - outPutPath - d:/test/admin/cn/enn/ygego/sunny/user/dao/OperAuthLoginLogDao.java
2018-03-20 15:40:43.562 [ main ] - [ INFO  ] [gencode : 59 ] - outPutPath - d:/test/admin/cn/enn/ygego/sunny/user/mappings/OperAuthLoginLogDao.xml
2018-03-20 15:40:43.562 [ main ] - [ INFO  ] [gencode : 59 ] - outPutPath - d:/test/admin/cn/enn/ygego/sunny/user/dto/OperAuthLoginLogDTO.java
2018-03-20 15:40:43.577 [ main ] - [ INFO  ] [gencode : 38 ] - oper_manage====user
2018-03-20 15:40:44.014 [ main ] - [ INFO  ] [gencode : 94 ] - java.util.ArrayList@140cbe7c[size=10]
2018-03-20 15:40:44.014 [ main ] - [ INFO  ] [gencode : 59 ] - outPutPath - d:/test/admin/cn/enn/ygego/sunny/user/model/OperManage.java
2018-03-20 15:40:44.030 [ main ] - [ INFO  ] [gencode : 59 ] - outPutPath - d:/test/admin/cn/enn/ygego/sunny/user/dao/OperManageDao.java
2018-03-20 15:40:44.030 [ main ] - [ INFO  ] [gencode : 59 ] - outPutPath - d:/test/admin/cn/enn/ygego/sunny/user/mappings/OperManageDao.xml
2018-03-20 15:40:44.030 [ main ] - [ INFO  ] [gencode : 59 ] - outPutPath - d:/test/admin/cn/enn/ygego/sunny/user/dto/OperManageDTO.java
2018-03-20 15:40:44.045 [ main ] - [ INFO  ] [gencode : 38 ] - question_attach====user
2018-03-20 15:40:44.466 [ main ] - [ INFO  ] [gencode : 94 ] - java.util.ArrayList@5460492a[size=4]
2018-03-20 15:40:44.466 [ main ] - [ INFO  ] [gencode : 59 ] - outPutPath - d:/test/admin/cn/enn/ygego/sunny/user/model/QuestionAttach.java
2018-03-20 15:40:44.498 [ main ] - [ INFO  ] [gencode : 59 ] - outPutPath - d:/test/admin/cn/enn/ygego/sunny/user/dao/QuestionAttachDao.java
2018-03-20 15:40:44.498 [ main ] - [ INFO  ] [gencode : 59 ] - outPutPath - d:/test/admin/cn/enn/ygego/sunny/user/mappings/QuestionAttachDao.xml
2018-03-20 15:40:44.498 [ main ] - [ INFO  ] [gencode : 59 ] - outPutPath - d:/test/admin/cn/enn/ygego/sunny/user/dto/QuestionAttachDTO.java
2018-03-20 15:40:44.498 [ main ] - [ INFO  ] [gencode : 38 ] - question_feedback====user
2018-03-20 15:40:44.919 [ main ] - [ INFO  ] [gencode : 94 ] - java.util.ArrayList@62beccc8[size=13]
2018-03-20 15:40:44.919 [ main ] - [ INFO  ] [gencode : 59 ] - outPutPath - d:/test/admin/cn/enn/ygego/sunny/user/model/QuestionFeedback.java
2018-03-20 15:40:44.934 [ main ] - [ INFO  ] [gencode : 59 ] - outPutPath - d:/test/admin/cn/enn/ygego/sunny/user/dao/QuestionFeedbackDao.java
2018-03-20 15:40:44.950 [ main ] - [ INFO  ] [gencode : 59 ] - outPutPath - d:/test/admin/cn/enn/ygego/sunny/user/mappings/QuestionFeedbackDao.xml
2018-03-20 15:40:44.950 [ main ] - [ INFO  ] [gencode : 59 ] - outPutPath - d:/test/admin/cn/enn/ygego/sunny/user/dto/QuestionFeedbackDTO.java
2018-03-20 15:40:44.950 [ main ] - [ INFO  ] [gencode : 38 ] - question_response====user
2018-03-20 15:40:45.371 [ main ] - [ INFO  ] [gencode : 94 ] - java.util.ArrayList@2c89eaa9[size=7]
2018-03-20 15:40:45.371 [ main ] - [ INFO  ] [gencode : 59 ] - outPutPath - d:/test/admin/cn/enn/ygego/sunny/user/model/QuestionResponse.java
2018-03-20 15:40:45.402 [ main ] - [ INFO  ] [gencode : 59 ] - outPutPath - d:/test/admin/cn/enn/ygego/sunny/user/dao/QuestionResponseDao.java
2018-03-20 15:40:45.402 [ main ] - [ INFO  ] [gencode : 59 ] - outPutPath - d:/test/admin/cn/enn/ygego/sunny/user/mappings/QuestionResponseDao.xml
2018-03-20 15:40:45.402 [ main ] - [ INFO  ] [gencode : 59 ] - outPutPath - d:/test/admin/cn/enn/ygego/sunny/user/dto/QuestionResponseDTO.java
2018-03-20 15:40:45.402 [ main ] - [ INFO  ] [gencode : 38 ] - receive_address====user
2018-03-20 15:40:45.839 [ main ] - [ INFO  ] [gencode : 94 ] - java.util.ArrayList@79641ab1[size=12]
2018-03-20 15:40:45.839 [ main ] - [ INFO  ] [gencode : 59 ] - outPutPath - d:/test/admin/cn/enn/ygego/sunny/user/model/ReceiveAddress.java
2018-03-20 15:40:45.855 [ main ] - [ INFO  ] [gencode : 59 ] - outPutPath - d:/test/admin/cn/enn/ygego/sunny/user/dao/ReceiveAddressDao.java
2018-03-20 15:40:45.855 [ main ] - [ INFO  ] [gencode : 59 ] - outPutPath - d:/test/admin/cn/enn/ygego/sunny/user/mappings/ReceiveAddressDao.xml
2018-03-20 15:40:45.855 [ main ] - [ INFO  ] [gencode : 59 ] - outPutPath - d:/test/admin/cn/enn/ygego/sunny/user/dto/ReceiveAddressDTO.java
2018-03-20 15:40:45.870 [ main ] - [ INFO  ] [gencode : 38 ] - rela_member_to_acct====user
2018-03-20 15:40:46.292 [ main ] - [ INFO  ] [gencode : 94 ] - java.util.ArrayList@4197f18a[size=5]
2018-03-20 15:40:46.292 [ main ] - [ INFO  ] [gencode : 59 ] - outPutPath - d:/test/admin/cn/enn/ygego/sunny/user/model/RelaMemberToAcct.java
2018-03-20 15:40:46.792 [ main ] - [ INFO  ] [gencode : 59 ] - outPutPath - d:/test/admin/cn/enn/ygego/sunny/user/dao/RelaMemberToAcctDao.java
2018-03-20 15:40:46.792 [ main ] - [ INFO  ] [gencode : 59 ] - outPutPath - d:/test/admin/cn/enn/ygego/sunny/user/mappings/RelaMemberToAcctDao.xml
2018-03-20 15:40:46.792 [ main ] - [ INFO  ] [gencode : 59 ] - outPutPath - d:/test/admin/cn/enn/ygego/sunny/user/dto/RelaMemberToAcctDTO.java
2018-03-20 15:40:46.792 [ main ] - [ INFO  ] [gencode : 38 ] - role_info====user
2018-03-20 15:40:47.229 [ main ] - [ INFO  ] [gencode : 94 ] - java.util.ArrayList@58c577cd[size=10]
2018-03-20 15:40:47.229 [ main ] - [ INFO  ] [gencode : 59 ] - outPutPath - d:/test/admin/cn/enn/ygego/sunny/user/model/RoleInfo.java
2018-03-20 15:40:47.229 [ main ] - [ INFO  ] [gencode : 59 ] - outPutPath - d:/test/admin/cn/enn/ygego/sunny/user/dao/RoleInfoDao.java
2018-03-20 15:40:47.229 [ main ] - [ INFO  ] [gencode : 59 ] - outPutPath - d:/test/admin/cn/enn/ygego/sunny/user/mappings/RoleInfoDao.xml
2018-03-20 15:40:47.244 [ main ] - [ INFO  ] [gencode : 59 ] - outPutPath - d:/test/admin/cn/enn/ygego/sunny/user/dto/RoleInfoDTO.java
2018-03-20 15:40:47.244 [ main ] - [ INFO  ] [gencode : 38 ] - role_oper_priv_rela====user
2018-03-20 15:40:47.681 [ main ] - [ INFO  ] [gencode : 94 ] - java.util.ArrayList@4787650e[size=9]
2018-03-20 15:40:47.681 [ main ] - [ INFO  ] [gencode : 59 ] - outPutPath - d:/test/admin/cn/enn/ygego/sunny/user/model/RoleOperPrivRela.java
2018-03-20 15:40:47.697 [ main ] - [ INFO  ] [gencode : 59 ] - outPutPath - d:/test/admin/cn/enn/ygego/sunny/user/dao/RoleOperPrivRelaDao.java
2018-03-20 15:40:47.697 [ main ] - [ INFO  ] [gencode : 59 ] - outPutPath - d:/test/admin/cn/enn/ygego/sunny/user/mappings/RoleOperPrivRelaDao.xml
2018-03-20 15:40:47.712 [ main ] - [ INFO  ] [gencode : 59 ] - outPutPath - d:/test/admin/cn/enn/ygego/sunny/user/dto/RoleOperPrivRelaDTO.java
2018-03-20 15:40:47.712 [ main ] - [ INFO  ] [gencode : 38 ] - supplier_black_list====user
2018-03-20 15:40:48.133 [ main ] - [ INFO  ] [gencode : 94 ] - java.util.ArrayList@16ca2017[size=8]
2018-03-20 15:40:48.133 [ main ] - [ INFO  ] [gencode : 59 ] - outPutPath - d:/test/admin/cn/enn/ygego/sunny/user/model/SupplierBlackList.java
2018-03-20 15:40:48.165 [ main ] - [ INFO  ] [gencode : 59 ] - outPutPath - d:/test/admin/cn/enn/ygego/sunny/user/dao/SupplierBlackListDao.java
2018-03-20 15:40:48.165 [ main ] - [ INFO  ] [gencode : 59 ] - outPutPath - d:/test/admin/cn/enn/ygego/sunny/user/mappings/SupplierBlackListDao.xml
2018-03-20 15:40:48.165 [ main ] - [ INFO  ] [gencode : 59 ] - outPutPath - d:/test/admin/cn/enn/ygego/sunny/user/dto/SupplierBlackListDTO.java
2018-03-20 15:40:48.165 [ main ] - [ INFO  ] [gencode : 38 ] - supplier_white_list====user
2018-03-20 15:40:48.617 [ main ] - [ INFO  ] [gencode : 94 ] - java.util.ArrayList@23c10dd7[size=8]
2018-03-20 15:40:48.617 [ main ] - [ INFO  ] [gencode : 59 ] - outPutPath - d:/test/admin/cn/enn/ygego/sunny/user/model/SupplierWhiteList.java
2018-03-20 15:40:48.633 [ main ] - [ INFO  ] [gencode : 59 ] - outPutPath - d:/test/admin/cn/enn/ygego/sunny/user/dao/SupplierWhiteListDao.java
2018-03-20 15:40:48.633 [ main ] - [ INFO  ] [gencode : 59 ] - outPutPath - d:/test/admin/cn/enn/ygego/sunny/user/mappings/SupplierWhiteListDao.xml
2018-03-20 15:40:48.633 [ main ] - [ INFO  ] [gencode : 59 ] - outPutPath - d:/test/admin/cn/enn/ygego/sunny/user/dto/SupplierWhiteListDTO.java
2018-03-20 15:40:48.633 [ main ] - [ INFO  ] [gencode : 38 ] - sys_log====user
2018-03-20 15:40:49.054 [ main ] - [ INFO  ] [gencode : 94 ] - java.util.ArrayList@2ff0a910[size=8]
2018-03-20 15:40:49.054 [ main ] - [ INFO  ] [gencode : 59 ] - outPutPath - d:/test/admin/cn/enn/ygego/sunny/user/model/SysLog.java
2018-03-20 15:40:49.069 [ main ] - [ INFO  ] [gencode : 59 ] - outPutPath - d:/test/admin/cn/enn/ygego/sunny/user/dao/SysLogDao.java
2018-03-20 15:40:49.085 [ main ] - [ INFO  ] [gencode : 59 ] - outPutPath - d:/test/admin/cn/enn/ygego/sunny/user/mappings/SysLogDao.xml
2018-03-20 15:40:49.085 [ main ] - [ INFO  ] [gencode : 59 ] - outPutPath - d:/test/admin/cn/enn/ygego/sunny/user/dto/SysLogDTO.java
2018-03-20 15:40:49.085 [ main ] - [ INFO  ] [gencode : 38 ] - user_info====user
2018-03-20 15:40:49.506 [ main ] - [ INFO  ] [gencode : 94 ] - java.util.ArrayList@3606c43b[size=6]
2018-03-20 15:40:49.522 [ main ] - [ INFO  ] [gencode : 59 ] - outPutPath - d:/test/admin/cn/enn/ygego/sunny/user/model/UserInfo.java
2018-03-20 15:40:49.537 [ main ] - [ INFO  ] [gencode : 59 ] - outPutPath - d:/test/admin/cn/enn/ygego/sunny/user/dao/UserInfoDao.java
2018-03-20 15:40:49.537 [ main ] - [ INFO  ] [gencode : 59 ] - outPutPath - d:/test/admin/cn/enn/ygego/sunny/user/mappings/UserInfoDao.xml
2018-03-20 15:40:49.537 [ main ] - [ INFO  ] [gencode : 59 ] - outPutPath - d:/test/admin/cn/enn/ygego/sunny/user/dto/UserInfoDTO.java
2018-03-20 16:04:21.176 [ main ] - [ INFO  ] [gencode : 35 ] - acct_info:group
2018-03-20 16:04:21.176 [ main ] - [ INFO  ] [gencode : 35 ] - acct_oper_priv_rela:group
2018-03-20 16:04:21.176 [ main ] - [ INFO  ] [gencode : 35 ] - acct_role_rela:group
2018-03-20 16:04:21.176 [ main ] - [ INFO  ] [gencode : 35 ] - apps:group
2018-03-20 16:04:21.176 [ main ] - [ INFO  ] [gencode : 35 ] - auth_log:group
2018-03-20 16:04:21.176 [ main ] - [ INFO  ] [gencode : 35 ] - busi_acct_info:group
2018-03-20 16:04:21.176 [ main ] - [ INFO  ] [gencode : 35 ] - busi_user_info:group
2018-03-20 16:04:21.176 [ main ] - [ INFO  ] [gencode : 35 ] - data_priv:group
2018-03-20 16:04:21.176 [ main ] - [ INFO  ] [gencode : 35 ] - deliver_address:group
2018-03-20 16:04:21.176 [ main ] - [ INFO  ] [gencode : 35 ] - ent_brand_apply_cert_file:group
2018-03-20 16:04:21.176 [ main ] - [ INFO  ] [gencode : 35 ] - ent_brand_auth_apply:group
2018-03-20 16:04:21.176 [ main ] - [ INFO  ] [gencode : 35 ] - ent_brand_auth_apply_cert:group
2018-03-20 16:04:21.176 [ main ] - [ INFO  ] [gencode : 35 ] - ent_brand_cert:group
2018-03-20 16:04:21.176 [ main ] - [ INFO  ] [gencode : 35 ] - ent_brand_cert_file:group
2018-03-20 16:04:21.176 [ main ] - [ INFO  ] [gencode : 35 ] - ent_brand_info:group
2018-03-20 16:04:21.191 [ main ] - [ INFO  ] [gencode : 35 ] - ent_cert_apply:group
2018-03-20 16:04:21.191 [ main ] - [ INFO  ] [gencode : 35 ] - ent_cert_apply_detail:group
2018-03-20 16:04:21.191 [ main ] - [ INFO  ] [gencode : 35 ] - ent_cert_apply_file:group
2018-03-20 16:04:21.191 [ main ] - [ INFO  ] [gencode : 35 ] - ent_cert_file:group
2018-03-20 16:04:21.191 [ main ] - [ INFO  ] [gencode : 35 ] - ent_cert_info:group
2018-03-20 16:04:21.191 [ main ] - [ INFO  ] [gencode : 35 ] - ent_channel_permit:group
2018-03-20 16:04:21.191 [ main ] - [ INFO  ] [gencode : 35 ] - ent_channel_permit_apply:group
2018-03-20 16:04:21.191 [ main ] - [ INFO  ] [gencode : 35 ] - ent_cust_info:group
2018-03-20 16:04:21.191 [ main ] - [ INFO  ] [gencode : 35 ] - ent_dept:group
2018-03-20 16:04:21.191 [ main ] - [ INFO  ] [gencode : 35 ] - ent_domain_permit:group
2018-03-20 16:04:21.191 [ main ] - [ INFO  ] [gencode : 35 ] - ent_domain_permit_apply:group
2018-03-20 16:04:21.191 [ main ] - [ INFO  ] [gencode : 35 ] - ent_pay_set:group
2018-03-20 16:04:21.191 [ main ] - [ INFO  ] [gencode : 35 ] - ent_store:group
2018-03-20 16:04:21.191 [ main ] - [ INFO  ] [gencode : 35 ] - ent_tax_rate:group
2018-03-20 16:04:21.191 [ main ] - [ INFO  ] [gencode : 35 ] - function_manage:group
2018-03-20 16:04:21.191 [ main ] - [ INFO  ] [gencode : 35 ] - individual_brand_apply:group
2018-03-20 16:04:21.191 [ main ] - [ INFO  ] [gencode : 35 ] - individual_brand_apply_cert:group
2018-03-20 16:04:21.191 [ main ] - [ INFO  ] [gencode : 35 ] - individual_brand_cert_apply_file:group
2018-03-20 16:04:21.191 [ main ] - [ INFO  ] [gencode : 35 ] - individual_brand_cert_file:group
2018-03-20 16:04:21.191 [ main ] - [ INFO  ] [gencode : 35 ] - individual_brand_cert_info:group
2018-03-20 16:04:21.191 [ main ] - [ INFO  ] [gencode : 35 ] - individual_brand_info:group
2018-03-20 16:04:21.191 [ main ] - [ INFO  ] [gencode : 38 ] - individual_cert_apply====user
2018-03-20 16:04:22.426 [ main ] - [ INFO  ] [gencode : 94 ] - java.util.ArrayList@7dce092[size=17]
2018-03-20 16:04:22.426 [ main ] - [ INFO  ] [gencode : 70 ] - mkdir - d:/test/admin/cn/enn/ygego/sunny/user/model
2018-03-20 16:04:22.457 [ main ] - [ INFO  ] [gencode : 59 ] - outPutPath - d:/test/admin/cn/enn/ygego/sunny/user/model/IndividualCertApply.java
2018-03-20 16:04:22.613 [ main ] - [ INFO  ] [gencode : 70 ] - mkdir - d:/test/admin/cn/enn/ygego/sunny/user/dao
2018-03-20 16:04:22.613 [ main ] - [ INFO  ] [gencode : 59 ] - outPutPath - d:/test/admin/cn/enn/ygego/sunny/user/dao/IndividualCertApplyDao.java
2018-03-20 16:04:22.613 [ main ] - [ INFO  ] [gencode : 70 ] - mkdir - d:/test/admin/cn/enn/ygego/sunny/user/mappings
2018-03-20 16:04:22.613 [ main ] - [ INFO  ] [gencode : 59 ] - outPutPath - d:/test/admin/cn/enn/ygego/sunny/user/mappings/IndividualCertApplyDao.xml
2018-03-20 16:04:22.628 [ main ] - [ INFO  ] [gencode : 70 ] - mkdir - d:/test/admin/cn/enn/ygego/sunny/user/dto
2018-03-20 16:04:22.628 [ main ] - [ INFO  ] [gencode : 59 ] - outPutPath - d:/test/admin/cn/enn/ygego/sunny/user/dto/IndividualCertApplyDTO.java
2018-03-20 16:04:22.644 [ main ] - [ INFO  ] [gencode : 38 ] - individual_cert_apply_detail====user
2018-03-20 16:04:23.096 [ main ] - [ INFO  ] [gencode : 94 ] - java.util.ArrayList@621fc5b4[size=9]
2018-03-20 16:04:23.096 [ main ] - [ INFO  ] [gencode : 59 ] - outPutPath - d:/test/admin/cn/enn/ygego/sunny/user/model/IndividualCertApplyDetail.java
2018-03-20 16:04:23.174 [ main ] - [ INFO  ] [gencode : 59 ] - outPutPath - d:/test/admin/cn/enn/ygego/sunny/user/dao/IndividualCertApplyDetailDao.java
2018-03-20 16:04:23.174 [ main ] - [ INFO  ] [gencode : 59 ] - outPutPath - d:/test/admin/cn/enn/ygego/sunny/user/mappings/IndividualCertApplyDetailDao.xml
2018-03-20 16:04:23.174 [ main ] - [ INFO  ] [gencode : 59 ] - outPutPath - d:/test/admin/cn/enn/ygego/sunny/user/dto/IndividualCertApplyDetailDTO.java
2018-03-20 16:04:23.190 [ main ] - [ INFO  ] [gencode : 38 ] - individual_cert_apply_file====user
2018-03-20 16:04:23.642 [ main ] - [ INFO  ] [gencode : 94 ] - java.util.ArrayList@3c70cf37[size=6]
2018-03-20 16:04:23.642 [ main ] - [ INFO  ] [gencode : 59 ] - outPutPath - d:/test/admin/cn/enn/ygego/sunny/user/model/IndividualCertApplyFile.java
2018-03-20 16:04:23.674 [ main ] - [ INFO  ] [gencode : 59 ] - outPutPath - d:/test/admin/cn/enn/ygego/sunny/user/dao/IndividualCertApplyFileDao.java
2018-03-20 16:04:23.674 [ main ] - [ INFO  ] [gencode : 59 ] - outPutPath - d:/test/admin/cn/enn/ygego/sunny/user/mappings/IndividualCertApplyFileDao.xml
2018-03-20 16:04:23.674 [ main ] - [ INFO  ] [gencode : 59 ] - outPutPath - d:/test/admin/cn/enn/ygego/sunny/user/dto/IndividualCertApplyFileDTO.java
2018-03-20 16:04:23.674 [ main ] - [ INFO  ] [gencode : 35 ] - individual_cert_file:group
2018-03-20 16:04:23.674 [ main ] - [ INFO  ] [gencode : 35 ] - individual_cert_info:group
2018-03-20 16:04:23.689 [ main ] - [ INFO  ] [gencode : 35 ] - individual_channel_permit:group
2018-03-20 16:04:23.689 [ main ] - [ INFO  ] [gencode : 35 ] - individual_channel_permit_apply:group
2018-03-20 16:04:23.689 [ main ] - [ INFO  ] [gencode : 35 ] - individual_cust:group
2018-03-20 16:04:23.689 [ main ] - [ INFO  ] [gencode : 35 ] - individual_domain_permit:group
2018-03-20 16:04:23.689 [ main ] - [ INFO  ] [gencode : 35 ] - individual_domain_permit_apply:group
2018-03-20 16:04:23.689 [ main ] - [ INFO  ] [gencode : 35 ] - individual_service:group
2018-03-20 16:04:23.689 [ main ] - [ INFO  ] [gencode : 35 ] - individual_service_apply:group
2018-03-20 16:04:23.689 [ main ] - [ INFO  ] [gencode : 35 ] - individual_service_apply_cert:group
2018-03-20 16:04:23.689 [ main ] - [ INFO  ] [gencode : 35 ] - individual_service_apply_cert_file:group
2018-03-20 16:04:23.689 [ main ] - [ INFO  ] [gencode : 35 ] - individual_service_cert:group
2018-03-20 16:04:23.689 [ main ] - [ INFO  ] [gencode : 35 ] - individual_service_cert_file:group
2018-03-20 16:04:23.689 [ main ] - [ INFO  ] [gencode : 35 ] - inspect_audit_log:group
2018-03-20 16:04:23.689 [ main ] - [ INFO  ] [gencode : 35 ] - inspect_factory_apply_attach:group
2018-03-20 16:04:23.689 [ main ] - [ INFO  ] [gencode : 35 ] - inspect_factory_apply_info:group
2018-03-20 16:04:23.689 [ main ] - [ INFO  ] [gencode : 35 ] - inspect_factory_apply_item:group
2018-03-20 16:04:23.689 [ main ] - [ INFO  ] [gencode : 35 ] - inspect_factory_goods_class_file:group
2018-03-20 16:04:23.689 [ main ] - [ INFO  ] [gencode : 35 ] - inspect_factory_item:group
2018-03-20 16:04:23.689 [ main ] - [ INFO  ] [gencode : 35 ] - inspect_factory_type:group
2018-03-20 16:04:23.689 [ main ] - [ INFO  ] [gencode : 35 ] - material_black_list:group
2018-03-20 16:04:23.689 [ main ] - [ INFO  ] [gencode : 35 ] - material_white_list:group
2018-03-20 16:04:23.689 [ main ] - [ INFO  ] [gencode : 35 ] - member_info:group
2018-03-20 16:04:23.689 [ main ] - [ INFO  ] [gencode : 35 ] - oper_auth_login_log:group
2018-03-20 16:04:23.705 [ main ] - [ INFO  ] [gencode : 35 ] - oper_manage:group
2018-03-20 16:04:23.705 [ main ] - [ INFO  ] [gencode : 35 ] - question_attach:group
2018-03-20 16:04:23.705 [ main ] - [ INFO  ] [gencode : 35 ] - question_feedback:group
2018-03-20 16:04:23.705 [ main ] - [ INFO  ] [gencode : 35 ] - question_response:group
2018-03-20 16:04:23.705 [ main ] - [ INFO  ] [gencode : 35 ] - receive_address:group
2018-03-20 16:04:23.705 [ main ] - [ INFO  ] [gencode : 35 ] - rela_member_to_acct:group
2018-03-20 16:04:23.705 [ main ] - [ INFO  ] [gencode : 35 ] - role_info:group
2018-03-20 16:04:23.705 [ main ] - [ INFO  ] [gencode : 35 ] - role_oper_priv_rela:group
2018-03-20 16:04:23.705 [ main ] - [ INFO  ] [gencode : 35 ] - supplier_black_list:group
2018-03-20 16:04:23.705 [ main ] - [ INFO  ] [gencode : 35 ] - supplier_white_list:group
2018-03-20 16:04:23.705 [ main ] - [ INFO  ] [gencode : 35 ] - sys_log:group
2018-03-20 16:04:23.705 [ main ] - [ INFO  ] [gencode : 35 ] - user_info:group
2018-03-20 16:07:41.828 [ main ] - [ INFO  ] [gencode : 35 ] - acct_info:group
2018-03-20 16:07:41.843 [ main ] - [ INFO  ] [gencode : 35 ] - acct_oper_priv_rela:group
2018-03-20 16:07:41.843 [ main ] - [ INFO  ] [gencode : 35 ] - acct_role_rela:group
2018-03-20 16:07:41.843 [ main ] - [ INFO  ] [gencode : 35 ] - apps:group
2018-03-20 16:07:41.843 [ main ] - [ INFO  ] [gencode : 35 ] - auth_log:group
2018-03-20 16:07:41.843 [ main ] - [ INFO  ] [gencode : 35 ] - busi_acct_info:group
2018-03-20 16:07:41.843 [ main ] - [ INFO  ] [gencode : 35 ] - busi_user_info:group
2018-03-20 16:07:41.843 [ main ] - [ INFO  ] [gencode : 38 ] - channel_manage====user
2018-03-20 16:07:42.298 [ main ] - [ INFO  ] [gencode : 94 ] - java.util.ArrayList@11059e51[size=11]
2018-03-20 16:07:42.298 [ main ] - [ INFO  ] [gencode : 59 ] - outPutPath - d:/test/admin/cn/enn/ygego/sunny/user/model/ChannelManage.java
2018-03-20 16:07:42.485 [ main ] - [ INFO  ] [gencode : 59 ] - outPutPath - d:/test/admin/cn/enn/ygego/sunny/user/dao/ChannelManageDao.java
2018-03-20 16:07:42.485 [ main ] - [ INFO  ] [gencode : 59 ] - outPutPath - d:/test/admin/cn/enn/ygego/sunny/user/mappings/ChannelManageDao.xml
2018-03-20 16:07:42.501 [ main ] - [ INFO  ] [gencode : 59 ] - outPutPath - d:/test/admin/cn/enn/ygego/sunny/user/dto/ChannelManageDTO.java
2018-03-20 16:07:42.501 [ main ] - [ INFO  ] [gencode : 35 ] - data_priv:group
2018-03-20 16:07:42.501 [ main ] - [ INFO  ] [gencode : 35 ] - deliver_address:group
2018-03-20 16:07:42.501 [ main ] - [ INFO  ] [gencode : 35 ] - ent_brand_apply_cert_file:group
2018-03-20 16:07:42.501 [ main ] - [ INFO  ] [gencode : 35 ] - ent_brand_auth_apply:group
2018-03-20 16:07:42.501 [ main ] - [ INFO  ] [gencode : 35 ] - ent_brand_auth_apply_cert:group
2018-03-20 16:07:42.501 [ main ] - [ INFO  ] [gencode : 35 ] - ent_brand_cert:group
2018-03-20 16:07:42.501 [ main ] - [ INFO  ] [gencode : 35 ] - ent_brand_cert_file:group
2018-03-20 16:07:42.501 [ main ] - [ INFO  ] [gencode : 35 ] - ent_brand_info:group
2018-03-20 16:07:42.501 [ main ] - [ INFO  ] [gencode : 35 ] - ent_cert_apply:group
2018-03-20 16:07:42.516 [ main ] - [ INFO  ] [gencode : 35 ] - ent_cert_apply_detail:group
2018-03-20 16:07:42.516 [ main ] - [ INFO  ] [gencode : 35 ] - ent_cert_apply_file:group
2018-03-20 16:07:42.516 [ main ] - [ INFO  ] [gencode : 35 ] - ent_cert_file:group
2018-03-20 16:07:42.516 [ main ] - [ INFO  ] [gencode : 35 ] - ent_cert_info:group
2018-03-20 16:07:42.516 [ main ] - [ INFO  ] [gencode : 35 ] - ent_channel_permit:group
2018-03-20 16:07:42.516 [ main ] - [ INFO  ] [gencode : 35 ] - ent_channel_permit_apply:group
2018-03-20 16:07:42.516 [ main ] - [ INFO  ] [gencode : 35 ] - ent_cust_info:group
2018-03-20 16:07:42.516 [ main ] - [ INFO  ] [gencode : 35 ] - ent_dept:group
2018-03-20 16:07:42.516 [ main ] - [ INFO  ] [gencode : 35 ] - ent_domain_permit:group
2018-03-20 16:07:42.516 [ main ] - [ INFO  ] [gencode : 35 ] - ent_domain_permit_apply:group
2018-03-20 16:07:42.516 [ main ] - [ INFO  ] [gencode : 35 ] - ent_pay_set:group
2018-03-20 16:07:42.516 [ main ] - [ INFO  ] [gencode : 35 ] - ent_store:group
2018-03-20 16:07:42.516 [ main ] - [ INFO  ] [gencode : 35 ] - ent_tax_rate:group
2018-03-20 16:07:42.516 [ main ] - [ INFO  ] [gencode : 35 ] - function_manage:group
2018-03-20 16:07:42.516 [ main ] - [ INFO  ] [gencode : 35 ] - individual_brand_apply:group
2018-03-20 16:07:42.516 [ main ] - [ INFO  ] [gencode : 35 ] - individual_brand_apply_cert:group
2018-03-20 16:07:42.516 [ main ] - [ INFO  ] [gencode : 35 ] - individual_brand_cert_apply_file:group
2018-03-20 16:07:42.516 [ main ] - [ INFO  ] [gencode : 35 ] - individual_brand_cert_file:group
2018-03-20 16:07:42.516 [ main ] - [ INFO  ] [gencode : 35 ] - individual_brand_cert_info:group
2018-03-20 16:07:42.516 [ main ] - [ INFO  ] [gencode : 35 ] - individual_brand_info:group
2018-03-20 16:07:42.516 [ main ] - [ INFO  ] [gencode : 35 ] - individual_cert_apply:group
2018-03-20 16:07:42.516 [ main ] - [ INFO  ] [gencode : 35 ] - individual_cert_apply_detail:group
2018-03-20 16:07:42.516 [ main ] - [ INFO  ] [gencode : 35 ] - individual_cert_apply_file:group
2018-03-20 16:07:42.516 [ main ] - [ INFO  ] [gencode : 35 ] - individual_cert_file:group
2018-03-20 16:07:42.532 [ main ] - [ INFO  ] [gencode : 35 ] - individual_cert_info:group
2018-03-20 16:07:42.532 [ main ] - [ INFO  ] [gencode : 35 ] - individual_channel_permit:group
2018-03-20 16:07:42.532 [ main ] - [ INFO  ] [gencode : 35 ] - individual_channel_permit_apply:group
2018-03-20 16:07:42.532 [ main ] - [ INFO  ] [gencode : 35 ] - individual_cust:group
2018-03-20 16:07:42.532 [ main ] - [ INFO  ] [gencode : 35 ] - individual_domain_permit:group
2018-03-20 16:07:42.532 [ main ] - [ INFO  ] [gencode : 35 ] - individual_domain_permit_apply:group
2018-03-20 16:07:42.532 [ main ] - [ INFO  ] [gencode : 35 ] - individual_service:group
2018-03-20 16:07:42.532 [ main ] - [ INFO  ] [gencode : 35 ] - individual_service_apply:group
2018-03-20 16:07:42.532 [ main ] - [ INFO  ] [gencode : 35 ] - individual_service_apply_cert:group
2018-03-20 16:07:42.532 [ main ] - [ INFO  ] [gencode : 35 ] - individual_service_apply_cert_file:group
2018-03-20 16:07:42.532 [ main ] - [ INFO  ] [gencode : 35 ] - individual_service_cert:group
2018-03-20 16:07:42.532 [ main ] - [ INFO  ] [gencode : 35 ] - individual_service_cert_file:group
2018-03-20 16:07:42.532 [ main ] - [ INFO  ] [gencode : 35 ] - inspect_audit_log:group
2018-03-20 16:07:42.532 [ main ] - [ INFO  ] [gencode : 35 ] - inspect_factory_apply_attach:group
2018-03-20 16:07:42.532 [ main ] - [ INFO  ] [gencode : 35 ] - inspect_factory_apply_info:group
2018-03-20 16:07:42.532 [ main ] - [ INFO  ] [gencode : 35 ] - inspect_factory_apply_item:group
2018-03-20 16:07:42.532 [ main ] - [ INFO  ] [gencode : 35 ] - inspect_factory_goods_class_file:group
2018-03-20 16:07:42.532 [ main ] - [ INFO  ] [gencode : 35 ] - inspect_factory_item:group
2018-03-20 16:07:42.532 [ main ] - [ INFO  ] [gencode : 35 ] - inspect_factory_type:group
2018-03-20 16:07:42.532 [ main ] - [ INFO  ] [gencode : 35 ] - material_black_list:group
2018-03-20 16:07:42.532 [ main ] - [ INFO  ] [gencode : 35 ] - material_white_list:group
2018-03-20 16:07:42.532 [ main ] - [ INFO  ] [gencode : 35 ] - member_info:group
2018-03-20 16:07:42.532 [ main ] - [ INFO  ] [gencode : 35 ] - oper_auth_login_log:group
2018-03-20 16:07:42.532 [ main ] - [ INFO  ] [gencode : 35 ] - oper_manage:group
2018-03-20 16:07:42.532 [ main ] - [ INFO  ] [gencode : 35 ] - question_attach:group
2018-03-20 16:07:42.532 [ main ] - [ INFO  ] [gencode : 35 ] - question_feedback:group
2018-03-20 16:07:42.547 [ main ] - [ INFO  ] [gencode : 35 ] - question_response:group
2018-03-20 16:07:42.547 [ main ] - [ INFO  ] [gencode : 35 ] - receive_address:group
2018-03-20 16:07:42.547 [ main ] - [ INFO  ] [gencode : 35 ] - rela_member_to_acct:group
2018-03-20 16:07:42.547 [ main ] - [ INFO  ] [gencode : 35 ] - role_info:group
2018-03-20 16:07:42.547 [ main ] - [ INFO  ] [gencode : 35 ] - role_oper_priv_rela:group
2018-03-20 16:07:42.547 [ main ] - [ INFO  ] [gencode : 35 ] - supplier_black_list:group
2018-03-20 16:07:42.547 [ main ] - [ INFO  ] [gencode : 35 ] - supplier_white_list:group
2018-03-20 16:07:42.547 [ main ] - [ INFO  ] [gencode : 35 ] - sys_log:group
2018-03-20 16:07:42.547 [ main ] - [ INFO  ] [gencode : 35 ] - user_info:group
2018-03-20 17:36:40.381 [ main ] - [ INFO  ] [gencode : 35 ] - acct_info:group
2018-03-20 17:36:40.387 [ main ] - [ INFO  ] [gencode : 35 ] - acct_oper_priv_rela:group
2018-03-20 17:36:40.389 [ main ] - [ INFO  ] [gencode : 35 ] - acct_role_rela:group
2018-03-20 17:36:40.391 [ main ] - [ INFO  ] [gencode : 35 ] - apps:group
2018-03-20 17:36:40.392 [ main ] - [ INFO  ] [gencode : 35 ] - auth_log:group
2018-03-20 17:36:40.394 [ main ] - [ INFO  ] [gencode : 35 ] - busi_acct_info:group
2018-03-20 17:36:40.397 [ main ] - [ INFO  ] [gencode : 35 ] - busi_user_info:group
2018-03-20 17:36:40.399 [ main ] - [ INFO  ] [gencode : 35 ] - channel_manage:group
2018-03-20 17:36:40.400 [ main ] - [ INFO  ] [gencode : 35 ] - data_priv:group
2018-03-20 17:36:40.402 [ main ] - [ INFO  ] [gencode : 35 ] - deliver_address:group
2018-03-20 17:36:40.404 [ main ] - [ INFO  ] [gencode : 35 ] - ent_brand_apply_cert_file:group
2018-03-20 17:36:40.406 [ main ] - [ INFO  ] [gencode : 35 ] - ent_brand_auth_apply:group
2018-03-20 17:36:40.408 [ main ] - [ INFO  ] [gencode : 35 ] - ent_brand_auth_apply_cert:group
2018-03-20 17:36:40.410 [ main ] - [ INFO  ] [gencode : 35 ] - ent_brand_cert:group
2018-03-20 17:36:40.411 [ main ] - [ INFO  ] [gencode : 35 ] - ent_brand_cert_file:group
2018-03-20 17:36:40.413 [ main ] - [ INFO  ] [gencode : 35 ] - ent_brand_info:group
2018-03-20 17:36:40.415 [ main ] - [ INFO  ] [gencode : 35 ] - ent_cert_apply:group
2018-03-20 17:36:40.417 [ main ] - [ INFO  ] [gencode : 35 ] - ent_cert_apply_detail:group
2018-03-20 17:36:40.420 [ main ] - [ INFO  ] [gencode : 35 ] - ent_cert_apply_file:group
2018-03-20 17:36:40.421 [ main ] - [ INFO  ] [gencode : 35 ] - ent_cert_file:group
2018-03-20 17:36:40.425 [ main ] - [ INFO  ] [gencode : 35 ] - ent_cert_info:group
2018-03-20 17:36:40.427 [ main ] - [ INFO  ] [gencode : 35 ] - ent_channel_permit:group
2018-03-20 17:36:40.430 [ main ] - [ INFO  ] [gencode : 35 ] - ent_channel_permit_apply:group
2018-03-20 17:36:40.431 [ main ] - [ INFO  ] [gencode : 35 ] - ent_cust_info:group
2018-03-20 17:36:40.433 [ main ] - [ INFO  ] [gencode : 35 ] - ent_dept:group
2018-03-20 17:36:40.434 [ main ] - [ INFO  ] [gencode : 35 ] - ent_domain_permit:group
2018-03-20 17:36:40.436 [ main ] - [ INFO  ] [gencode : 35 ] - ent_domain_permit_apply:group
2018-03-20 17:36:40.438 [ main ] - [ INFO  ] [gencode : 35 ] - ent_pay_set:group
2018-03-20 17:36:40.440 [ main ] - [ INFO  ] [gencode : 35 ] - ent_store:group
2018-03-20 17:36:40.441 [ main ] - [ INFO  ] [gencode : 35 ] - ent_tax_rate:group
2018-03-20 17:36:40.443 [ main ] - [ INFO  ] [gencode : 35 ] - function_manage:group
2018-03-20 17:36:40.445 [ main ] - [ INFO  ] [gencode : 35 ] - individual_brand_apply:group
2018-03-20 17:36:40.446 [ main ] - [ INFO  ] [gencode : 35 ] - individual_brand_apply_cert:group
2018-03-20 17:36:40.448 [ main ] - [ INFO  ] [gencode : 35 ] - individual_brand_cert_apply_file:group
2018-03-20 17:36:40.448 [ main ] - [ INFO  ] [gencode : 35 ] - individual_brand_cert_file:group
2018-03-20 17:36:40.450 [ main ] - [ INFO  ] [gencode : 35 ] - individual_brand_cert_info:group
2018-03-20 17:36:40.452 [ main ] - [ INFO  ] [gencode : 35 ] - individual_brand_info:group
2018-03-20 17:36:40.454 [ main ] - [ INFO  ] [gencode : 35 ] - individual_cert_apply:group
2018-03-20 17:36:40.456 [ main ] - [ INFO  ] [gencode : 35 ] - individual_cert_apply_detail:group
2018-03-20 17:36:40.457 [ main ] - [ INFO  ] [gencode : 35 ] - individual_cert_apply_file:group
2018-03-20 17:36:40.459 [ main ] - [ INFO  ] [gencode : 35 ] - individual_cert_file:group
2018-03-20 17:36:40.461 [ main ] - [ INFO  ] [gencode : 35 ] - individual_cert_info:group
2018-03-20 17:36:40.463 [ main ] - [ INFO  ] [gencode : 35 ] - individual_channel_permit:group
2018-03-20 17:36:40.465 [ main ] - [ INFO  ] [gencode : 35 ] - individual_channel_permit_apply:group
2018-03-20 17:36:40.465 [ main ] - [ INFO  ] [gencode : 35 ] - individual_cust:group
2018-03-20 17:36:40.467 [ main ] - [ INFO  ] [gencode : 35 ] - individual_domain_permit:group
2018-03-20 17:36:40.468 [ main ] - [ INFO  ] [gencode : 35 ] - individual_domain_permit_apply:group
2018-03-20 17:36:40.471 [ main ] - [ INFO  ] [gencode : 35 ] - individual_service:group
2018-03-20 17:36:40.473 [ main ] - [ INFO  ] [gencode : 35 ] - individual_service_apply:group
2018-03-20 17:36:40.475 [ main ] - [ INFO  ] [gencode : 35 ] - individual_service_apply_cert:group
2018-03-20 17:36:40.477 [ main ] - [ INFO  ] [gencode : 35 ] - individual_service_apply_cert_file:group
2018-03-20 17:36:40.477 [ main ] - [ INFO  ] [gencode : 35 ] - individual_service_cert:group
2018-03-20 17:36:40.479 [ main ] - [ INFO  ] [gencode : 35 ] - individual_service_cert_file:group
2018-03-20 17:36:40.481 [ main ] - [ INFO  ] [gencode : 35 ] - inspect_audit_log:group
2018-03-20 17:36:40.482 [ main ] - [ INFO  ] [gencode : 35 ] - inspect_factory_apply_attach:group
2018-03-20 17:36:40.484 [ main ] - [ INFO  ] [gencode : 35 ] - inspect_factory_apply_info:group
2018-03-20 17:36:40.486 [ main ] - [ INFO  ] [gencode : 35 ] - inspect_factory_apply_item:group
2018-03-20 17:36:40.488 [ main ] - [ INFO  ] [gencode : 35 ] - inspect_factory_goods_class_file:group
2018-03-20 17:36:40.489 [ main ] - [ INFO  ] [gencode : 35 ] - inspect_factory_item:group
2018-03-20 17:36:40.490 [ main ] - [ INFO  ] [gencode : 35 ] - inspect_factory_type:group
2018-03-20 17:36:40.493 [ main ] - [ INFO  ] [gencode : 35 ] - material_black_list:group
2018-03-20 17:36:40.494 [ main ] - [ INFO  ] [gencode : 35 ] - material_white_list:group
2018-03-20 17:36:40.496 [ main ] - [ INFO  ] [gencode : 35 ] - member_info:group
2018-03-20 17:36:40.498 [ main ] - [ INFO  ] [gencode : 35 ] - oper_auth_login_log:group
2018-03-20 17:36:40.499 [ main ] - [ INFO  ] [gencode : 35 ] - oper_manage:group
2018-03-20 17:36:40.501 [ main ] - [ INFO  ] [gencode : 35 ] - question_attach:group
2018-03-20 17:36:40.503 [ main ] - [ INFO  ] [gencode : 35 ] - question_feedback:group
2018-03-20 17:36:40.505 [ main ] - [ INFO  ] [gencode : 35 ] - question_response:group
2018-03-20 17:36:40.506 [ main ] - [ INFO  ] [gencode : 35 ] - receive_address:group
2018-03-20 17:36:40.508 [ main ] - [ INFO  ] [gencode : 35 ] - rela_member_to_acct:group
2018-03-20 17:36:40.510 [ main ] - [ INFO  ] [gencode : 35 ] - role_info:group
2018-03-20 17:36:40.511 [ main ] - [ INFO  ] [gencode : 35 ] - role_oper_priv_rela:group
2018-03-20 17:36:40.513 [ main ] - [ INFO  ] [gencode : 35 ] - supplier_black_list:group
2018-03-20 17:36:40.514 [ main ] - [ INFO  ] [gencode : 35 ] - supplier_white_list:group
2018-03-20 17:36:40.516 [ main ] - [ INFO  ] [gencode : 35 ] - sys_log:group
2018-03-20 17:36:40.517 [ main ] - [ INFO  ] [gencode : 35 ] - user_info:group
2018-03-20 17:38:51.861 [ main ] - [ INFO  ] [gencode : 35 ] - agreement_info:group
2018-03-20 17:38:51.866 [ main ] - [ INFO  ] [gencode : 35 ] - attr_unit_rela:group
2018-03-20 17:38:51.868 [ main ] - [ INFO  ] [gencode : 35 ] - cate_cert_clause:group
2018-03-20 17:38:51.870 [ main ] - [ INFO  ] [gencode : 35 ] - cate_cert_type_manage:group
2018-03-20 17:38:51.872 [ main ] - [ INFO  ] [gencode : 35 ] - category_attr_rela:group
2018-03-20 17:38:51.874 [ main ] - [ INFO  ] [gencode : 35 ] - category_cert_rela:group
2018-03-20 17:38:51.876 [ main ] - [ INFO  ] [gencode : 35 ] - category_sign_rela:group
2018-03-20 17:38:51.878 [ main ] - [ INFO  ] [gencode : 35 ] - cust_cert_clause:group
2018-03-20 17:38:51.880 [ main ] - [ INFO  ] [gencode : 35 ] - cust_cert_type_manage:group
2018-03-20 17:38:51.882 [ main ] - [ INFO  ] [gencode : 35 ] - cust_mutex_cert_type:group
2018-03-20 17:38:51.884 [ main ] - [ INFO  ] [gencode : 38 ] - dict_area====user
2018-03-20 17:38:52.336 [ main ] - [ INFO  ] [gencode : 94 ] - java.util.ArrayList@46e23a42[size=12]
2018-03-20 17:38:52.337 [ main ] - [ INFO  ] [gencode : 70 ] - mkdir - d:/test/admin/cn/enn/ygego/sunny/user/model
2018-03-20 17:38:52.342 [ main ] - [ INFO  ] [gencode : 59 ] - outPutPath - d:/test/admin/cn/enn/ygego/sunny/user/model/DictArea.java
2018-03-20 17:38:52.361 [ main ] - [ INFO  ] [gencode : 70 ] - mkdir - d:/test/admin/cn/enn/ygego/sunny/user/dao
2018-03-20 17:38:52.363 [ main ] - [ INFO  ] [gencode : 59 ] - outPutPath - d:/test/admin/cn/enn/ygego/sunny/user/dao/DictAreaDao.java
2018-03-20 17:38:52.371 [ main ] - [ INFO  ] [gencode : 70 ] - mkdir - d:/test/admin/cn/enn/ygego/sunny/user/mappings
2018-03-20 17:38:52.373 [ main ] - [ INFO  ] [gencode : 59 ] - outPutPath - d:/test/admin/cn/enn/ygego/sunny/user/mappings/DictAreaDao.xml
2018-03-20 17:38:52.380 [ main ] - [ INFO  ] [gencode : 70 ] - mkdir - d:/test/admin/cn/enn/ygego/sunny/user/dto
2018-03-20 17:38:52.382 [ main ] - [ INFO  ] [gencode : 59 ] - outPutPath - d:/test/admin/cn/enn/ygego/sunny/user/dto/DictAreaDTO.java
2018-03-20 17:38:52.388 [ main ] - [ INFO  ] [gencode : 35 ] - dict_attr:group
2018-03-20 17:38:52.389 [ main ] - [ INFO  ] [gencode : 35 ] - dict_attr_value:group
2018-03-20 17:38:52.391 [ main ] - [ INFO  ] [gencode : 35 ] - dict_brand:group
2018-03-20 17:38:52.393 [ main ] - [ INFO  ] [gencode : 35 ] - dict_category:group
2018-03-20 17:38:52.394 [ main ] - [ INFO  ] [gencode : 35 ] - dict_cert:group
2018-03-20 17:38:52.395 [ main ] - [ INFO  ] [gencode : 35 ] - dict_sign:group
2018-03-20 17:38:52.397 [ main ] - [ INFO  ] [gencode : 35 ] - dict_standard:group
2018-03-20 17:38:52.399 [ main ] - [ INFO  ] [gencode : 35 ] - dict_unit:group
2018-03-20 17:38:52.400 [ main ] - [ INFO  ] [gencode : 35 ] - domain_cert_clause:group
2018-03-20 17:38:52.401 [ main ] - [ INFO  ] [gencode : 35 ] - domain_manage:group
2018-03-20 17:38:52.403 [ main ] - [ INFO  ] [gencode : 35 ] - material_attr_value_rela:group
2018-03-20 17:38:52.405 [ main ] - [ INFO  ] [gencode : 35 ] - material_info:group
2018-03-20 17:38:52.406 [ main ] - [ INFO  ] [gencode : 35 ] - material_snapshot_attr_value_rela:group
2018-03-20 17:38:52.407 [ main ] - [ INFO  ] [gencode : 35 ] - material_snapshot_info:group
2018-03-20 17:38:52.409 [ main ] - [ INFO  ] [gencode : 35 ] - purchase_company:group
2018-03-20 17:38:52.411 [ main ] - [ INFO  ] [gencode : 35 ] - purchase_factory:group
2018-03-20 17:38:52.412 [ main ] - [ INFO  ] [gencode : 35 ] - purchase_org:group
2018-03-20 17:38:52.415 [ main ] - [ INFO  ] [gencode : 35 ] - storage_addr:group
2018-03-20 17:38:52.416 [ main ] - [ INFO  ] [gencode : 35 ] - sys_dict:group
2018-03-20 17:38:52.418 [ main ] - [ INFO  ] [gencode : 35 ] - user_op_oper_log:group
