2018-07-21 01:44:26.857 [ main ] - [ INFO  ] [gencode : 38 ] - busi_acct_info====shiros
2018-07-21 01:44:26.970 [ main ] - [ INFO  ] [gencode : 94 ] - java.util.ArrayList@1198b989[size=3]
2018-07-21 01:44:26.971 [ main ] - [ INFO  ] [gencode : 70 ] - mkdir - D:/IdeaWorkSpace/integrated-gecode/admin/com.integrated/shiros/model
2018-07-21 01:44:26.975 [ main ] - [ INFO  ] [gencode : 59 ] - outPutPath - D:/IdeaWorkSpace/integrated-gecode/admin/com.integrated/shiros/model/BusiAcctInfo.java
2018-07-21 01:44:27.330 [ main ] - [ INFO  ] [gencode : 70 ] - mkdir - D:/IdeaWorkSpace/integrated-gecode/admin/com.integrated/shiros/dao
2018-07-21 01:44:27.332 [ main ] - [ INFO  ] [gencode : 59 ] - outPutPath - D:/IdeaWorkSpace/integrated-gecode/admin/com.integrated/shiros/dao/BusiAcctInfoDao.java
2018-07-21 01:44:27.355 [ main ] - [ INFO  ] [gencode : 70 ] - mkdir - D:/IdeaWorkSpace/integrated-gecode/admin/com.integrated/shiros/mappings
2018-07-21 01:44:27.356 [ main ] - [ INFO  ] [gencode : 59 ] - outPutPath - D:/IdeaWorkSpace/integrated-gecode/admin/com.integrated/shiros/mappings/BusiAcctInfoDao.xml
2018-07-21 01:44:27.379 [ main ] - [ INFO  ] [gencode : 70 ] - mkdir - D:/IdeaWorkSpace/integrated-gecode/admin/com.integrated/shiros/dto
2018-07-21 01:44:27.403 [ main ] - [ INFO  ] [gencode : 59 ] - outPutPath - D:/IdeaWorkSpace/integrated-gecode/admin/com.integrated/shiros/dto/BusiAcctInfoDTO.java
2018-07-21 01:44:27.425 [ main ] - [ INFO  ] [gencode : 70 ] - mkdir - D:/IdeaWorkSpace/integrated-gecode/admin/com.integrated/shiros/service/impl
2018-07-21 01:44:27.429 [ main ] - [ INFO  ] [gencode : 59 ] - outPutPath - D:/IdeaWorkSpace/integrated-gecode/admin/com.integrated/shiros/service/impl/BusiAcctInfoServiceImpl.java
2018-07-21 01:44:27.440 [ main ] - [ INFO  ] [gencode : 59 ] - outPutPath - D:/IdeaWorkSpace/integrated-gecode/admin/com.integrated/shiros/service/BusiAcctInfoService.java
2018-07-21 01:45:10.728 [ main ] - [ INFO  ] [gencode : 38 ] - busi_acct_info====shiros
2018-07-21 01:45:10.757 [ main ] - [ INFO  ] [gencode : 94 ] - java.util.ArrayList@1198b989[size=3]
2018-07-21 01:45:10.758 [ main ] - [ INFO  ] [gencode : 70 ] - mkdir - D:/IdeaWorkSpace/integrated-gecode/admin/com.integrated/shiros/model
2018-07-21 01:45:10.764 [ main ] - [ INFO  ] [gencode : 59 ] - outPutPath - D:/IdeaWorkSpace/integrated-gecode/admin/com.integrated/shiros/model/BusiAcctInfo.java
2018-07-21 01:45:10.954 [ main ] - [ INFO  ] [gencode : 70 ] - mkdir - D:/IdeaWorkSpace/integrated-gecode/admin/com.integrated/shiros/dao
2018-07-21 01:45:10.956 [ main ] - [ INFO  ] [gencode : 59 ] - outPutPath - D:/IdeaWorkSpace/integrated-gecode/admin/com.integrated/shiros/dao/BusiAcctInfoDao.java
2018-07-21 01:45:10.968 [ main ] - [ INFO  ] [gencode : 70 ] - mkdir - D:/IdeaWorkSpace/integrated-gecode/admin/com.integrated/shiros/mappings
2018-07-21 01:45:10.969 [ main ] - [ INFO  ] [gencode : 59 ] - outPutPath - D:/IdeaWorkSpace/integrated-gecode/admin/com.integrated/shiros/mappings/BusiAcctInfoDao.xml
2018-07-21 01:45:10.985 [ main ] - [ INFO  ] [gencode : 70 ] - mkdir - D:/IdeaWorkSpace/integrated-gecode/admin/com.integrated/shiros/dto
2018-07-21 01:45:10.989 [ main ] - [ INFO  ] [gencode : 59 ] - outPutPath - D:/IdeaWorkSpace/integrated-gecode/admin/com.integrated/shiros/dto/BusiAcctInfoDTO.java
2018-07-21 01:45:10.998 [ main ] - [ INFO  ] [gencode : 70 ] - mkdir - D:/IdeaWorkSpace/integrated-gecode/admin/com.integrated/shiros/service/impl
2018-07-21 01:45:11.002 [ main ] - [ INFO  ] [gencode : 59 ] - outPutPath - D:/IdeaWorkSpace/integrated-gecode/admin/com.integrated/shiros/service/impl/BusiAcctInfoServiceImpl.java
2018-07-21 01:45:11.008 [ main ] - [ INFO  ] [gencode : 59 ] - outPutPath - D:/IdeaWorkSpace/integrated-gecode/admin/com.integrated/shiros/service/BusiAcctInfoService.java
